[35m[1mConsolidate compiler generated dependencies of target subscriber[0m
[  2%] Built target cpp_package__cpp
[  6%] Built target cpp_try
[  8%] [32mBuilding CXX object CMakeFiles/cpp_try2.dir/src/cpp_try2.cpp.o[0m
[ 14%] Built target cpp_package__rosidl_generator_c
[ 19%] Built target publisher
[ 19%] Built target ament_cmake_python_copy_cpp_package
[ 23%] Built target service
[ 27%] Built target client
[ 31%] Built target subscriber
[ 38%] Built target cpp_package__rosidl_typesupport_fastrtps_cpp
[ 44%] Built target cpp_package__rosidl_typesupport_introspection_c
[ 51%] Built target cpp_package__rosidl_typesupport_cpp
[ 57%] Built target cpp_package__rosidl_typesupport_c
[ 63%] Built target cpp_package__rosidl_typesupport_introspection_cpp
[ 70%] Built target cpp_package__rosidl_typesupport_fastrtps_c
[ 74%] Built target service_class
[ 74%] Built target cpp_package
[ 78%] Built target client_class
[ 80%] Built target cpp_package__py
[ 85%] Built target cpp_package__rosidl_generator_py
[ 89%] Built target cpp_package__rosidl_typesupport_introspection_c__pyext
[ 93%] Built target cpp_package__rosidl_typesupport_c__pyext
[ 97%] Built target cpp_package__rosidl_typesupport_fastrtps_c__pyext
running egg_info
writing cpp_package.egg-info/PKG-INFO
writing dependency_links to cpp_package.egg-info/dependency_links.txt
writing top-level names to cpp_package.egg-info/top_level.txt
reading manifest file 'cpp_package.egg-info/SOURCES.txt'
writing manifest file 'cpp_package.egg-info/SOURCES.txt'
[ 97%] Built target ament_cmake_python_build_cpp_package_egg
[01m[K/home/tayya/cpp_pkg/src/cpp_package/src/cpp_try2.cpp:[m[K In constructor â€˜[01m[KMinimalSubscriber::MinimalSubscriber()[m[Kâ€™:
[01m[K/home/tayya/cpp_pkg/src/cpp_package/src/cpp_try2.cpp:10:42:[m[K [01;31m[Kerror: [m[Kconversion from â€˜[01m[Kconst char [6][m[Kâ€™ to non-scalar type â€˜[01m[Kstd_msgs::msg::String[m[Kâ€™ {aka â€˜[01m[Kstd_msgs::msg::String_<std::allocator<void> >[m[Kâ€™} requested
   10 |             std_msgs::msg::String comm = [01;31m[K"START"[m[K;
      |                                          [01;31m[K^~~~~~~[m[K
In file included from [01m[K/opt/ros/humble/include/rclcpp/rclcpp/logging.hpp:24[m[K,
                 from [01m[K/opt/ros/humble/include/rclcpp/rclcpp/client.hpp:40[m[K,
                 from [01m[K/opt/ros/humble/include/rclcpp/rclcpp/callback_group.hpp:24[m[K,
                 from [01m[K/opt/ros/humble/include/rclcpp/rclcpp/any_executable.hpp:20[m[K,
                 from [01m[K/opt/ros/humble/include/rclcpp/rclcpp/memory_strategy.hpp:25[m[K,
                 from [01m[K/opt/ros/humble/include/rclcpp/rclcpp/memory_strategies.hpp:18[m[K,
                 from [01m[K/opt/ros/humble/include/rclcpp/rclcpp/executor_options.hpp:20[m[K,
                 from [01m[K/opt/ros/humble/include/rclcpp/rclcpp/executor.hpp:37[m[K,
                 from [01m[K/opt/ros/humble/include/rclcpp/rclcpp/executors/multi_threaded_executor.hpp:25[m[K,
                 from [01m[K/opt/ros/humble/include/rclcpp/rclcpp/executors.hpp:21[m[K,
                 from [01m[K/opt/ros/humble/include/rclcpp/rclcpp/rclcpp.hpp:155[m[K,
                 from [01m[K/home/tayya/cpp_pkg/src/cpp_package/src/cpp_try2.cpp:2[m[K:
[01m[K/home/tayya/cpp_pkg/src/cpp_package/src/cpp_try2.cpp:11:56:[m[K [01;31m[Kerror: [m[Kâ€˜[01m[Kusing String = struct std_msgs::msg::String_<std::allocator<void> >[m[Kâ€™ {aka â€˜[01m[Kstruct std_msgs::msg::String_<std::allocator<void> >[m[Kâ€™} has no member named â€˜[01m[Kc_str[m[Kâ€™
   11 |             RCLCPP_INFO(this->get_logger(), "%s" ,comm.[01;31m[Kc_str[m[K());
      |                                                        [01;31m[K^~~~~[m[K
gmake[2]: *** [CMakeFiles/cpp_try2.dir/build.make:76: CMakeFiles/cpp_try2.dir/src/cpp_try2.cpp.o] Error 1
gmake[1]: *** [CMakeFiles/Makefile2:632: CMakeFiles/cpp_try2.dir/all] Error 2
gmake: *** [Makefile:146: all] Error 2
