[0.026s] Invoking command in '/home/tayya/cpp_pkg/build/cpp_package': CMAKE_PREFIX_PATH=${CMAKE_PREFIX_PATH}:/opt/ros/humble /usr/bin/cmake --build /home/tayya/cpp_pkg/build/cpp_package -- -j8 -l8
[0.076s] -- Found ament_cmake: 1.3.11 (/opt/ros/humble/share/ament_cmake/cmake)
[0.376s] -- Found rclcpp: 16.0.11 (/opt/ros/humble/share/rclcpp/cmake)
[0.447s] -- Found rosidl_generator_c: 3.1.6 (/opt/ros/humble/share/rosidl_generator_c/cmake)
[0.453s] -- Found rosidl_adapter: 3.1.6 (/opt/ros/humble/share/rosidl_adapter/cmake)
[0.469s] -- Found rosidl_generator_cpp: 3.1.6 (/opt/ros/humble/share/rosidl_generator_cpp/cmake)
[0.496s] -- Using all available rosidl_typesupport_c: rosidl_typesupport_fastrtps_c;rosidl_typesupport_introspection_c
[0.529s] -- Using all available rosidl_typesupport_cpp: rosidl_typesupport_fastrtps_cpp;rosidl_typesupport_introspection_cpp
[0.604s] -- Found rmw_implementation_cmake: 6.1.2 (/opt/ros/humble/share/rmw_implementation_cmake/cmake)
[0.607s] -- Found rmw_fastrtps_cpp: 6.2.7 (/opt/ros/humble/share/rmw_fastrtps_cpp/cmake)
[0.833s] -- Using RMW implementation 'rmw_fastrtps_cpp' as default
[1.115s] -- Configuring done
[1.148s] -- Generating done
[1.164s] -- Build files have been written to: /home/tayya/cpp_pkg/build/cpp_package
[1.215s] [35m[1mConsolidate compiler generated dependencies of target cpp_try2[0m
[1.215s] [35m[1mConsolidate compiler generated dependencies of target cpp_try[0m
[1.236s] [ 16%] [32mBuilding CXX object CMakeFiles/publisher.dir/src/publisher.cpp.o[0m
[1.254s] [ 33%] [32mBuilding CXX object CMakeFiles/cpp_try.dir/src/cpp_try.cpp.o[0m
[1.259s] [ 50%] [32mBuilding CXX object CMakeFiles/cpp_try2.dir/src/cpp_try2.cpp.o[0m
[7.377s] In file included from [01m[K/opt/ros/humble/include/rclcpp/rclcpp/logging.hpp:24[m[K,
[7.377s]                  from [01m[K/opt/ros/humble/include/rclcpp/rclcpp/client.hpp:40[m[K,
[7.377s]                  from [01m[K/opt/ros/humble/include/rclcpp/rclcpp/callback_group.hpp:24[m[K,
[7.377s]                  from [01m[K/opt/ros/humble/include/rclcpp/rclcpp/any_executable.hpp:20[m[K,
[7.378s]                  from [01m[K/opt/ros/humble/include/rclcpp/rclcpp/memory_strategy.hpp:25[m[K,
[7.378s]                  from [01m[K/opt/ros/humble/include/rclcpp/rclcpp/memory_strategies.hpp:18[m[K,
[7.378s]                  from [01m[K/opt/ros/humble/include/rclcpp/rclcpp/executor_options.hpp:20[m[K,
[7.378s]                  from [01m[K/opt/ros/humble/include/rclcpp/rclcpp/executor.hpp:37[m[K,
[7.378s]                  from [01m[K/opt/ros/humble/include/rclcpp/rclcpp/executors/multi_threaded_executor.hpp:25[m[K,
[7.378s]                  from [01m[K/opt/ros/humble/include/rclcpp/rclcpp/executors.hpp:21[m[K,
[7.379s]                  from [01m[K/opt/ros/humble/include/rclcpp/rclcpp/rclcpp.hpp:155[m[K,
[7.379s]                  from [01m[K/home/tayya/cpp_pkg/src/cpp_package/src/cpp_try2.cpp:2[m[K:
[7.379s] [01m[K/home/tayya/cpp_pkg/src/cpp_package/src/cpp_try2.cpp:[m[K In constructor â€˜[01m[KMinimalSubscriber::MinimalSubscriber()[m[Kâ€™:
[7.379s] [01m[K/home/tayya/cpp_pkg/src/cpp_package/src/cpp_try2.cpp:11:44:[m[K [01;31m[Kerror: [m[Kcannot convert â€˜[01m[Kstd::string[m[Kâ€™ {aka â€˜[01m[Kstd::__cxx11::basic_string<char>[m[Kâ€™} to â€˜[01m[Kconst char*[m[Kâ€™
[7.379s]    11 |             RCLCPP_INFO(this->get_logger(),[01;31m[Kmsg[m[K);
[7.379s]       |                                            [01;31m[K^~~[m[K
[7.379s]       |                                            [01;31m[K|[m[K
[7.380s]       |                                            [01;31m[Kstd::string {aka std::__cxx11::basic_string<char>}[m[K
[7.380s] In file included from [01m[K/opt/ros/humble/include/rmw/rmw/types.h:28[m[K,
[7.380s]                  from [01m[K/opt/ros/humble/include/rcl/rcl/types.h:20[m[K,
[7.380s]                  from [01m[K/opt/ros/humble/include/rcl/rcl/log_level.h:22[m[K,
[7.380s]                  from [01m[K/opt/ros/humble/include/rcl/rcl/arguments.h:21[m[K,
[7.380s]                  from [01m[K/opt/ros/humble/include/rcl/rcl/context.h:28[m[K,
[7.381s]                  from [01m[K/opt/ros/humble/include/rcl/rcl/guard_condition.h:26[m[K,
[7.381s]                  from [01m[K/opt/ros/humble/include/rclcpp/rclcpp/executor.hpp:30[m[K,
[7.381s]                  from [01m[K/opt/ros/humble/include/rclcpp/rclcpp/executors/multi_threaded_executor.hpp:25[m[K,
[7.381s]                  from [01m[K/opt/ros/humble/include/rclcpp/rclcpp/executors.hpp:21[m[K,
[7.381s]                  from [01m[K/opt/ros/humble/include/rclcpp/rclcpp/rclcpp.hpp:155[m[K,
[7.381s]                  from [01m[K/home/tayya/cpp_pkg/src/cpp_package/src/cpp_try2.cpp:2[m[K:
[7.381s] [01m[K/opt/ros/humble/include/rcutils/rcutils/logging.h:479:16:[m[K [01;36m[Knote: [m[K  initializing argument 4 of â€˜[01m[Kvoid rcutils_log(const rcutils_log_location_t*, int, const char*, const char*, ...)[m[Kâ€™
[7.382s]   479 |   [01;36m[Kconst char * format[m[K,
[7.382s]       |   [01;36m[K~~~~~~~~~~~~~^~~~~~[m[K
[7.511s] [01m[K/home/tayya/cpp_pkg/src/cpp_package/src/publisher.cpp:12:21:[m[K [01;31m[Kerror: [m[Kexpected â€˜[01m[K;[m[Kâ€™ at end of member declaration
[7.511s]    12 |         MyPublisher([01;31m[K)[m[K
[7.512s]       |                     [01;31m[K^[m[K
[7.512s]       |                      [32m[K;[m[K
[7.512s] [01m[K/home/tayya/cpp_pkg/src/cpp_package/src/publisher.cpp:15:2:[m[K [01;31m[Kerror: [m[Kexpected â€˜[01m[K;[m[Kâ€™ after class definition
[7.512s]    15 | }
[7.512s]       |  [01;31m[K^[m[K
[7.513s]       |  [32m[K;[m[K
[8.573s] gmake[2]: *** [CMakeFiles/publisher.dir/build.make:76: CMakeFiles/publisher.dir/src/publisher.cpp.o] Error 1
[8.573s] gmake[1]: *** [CMakeFiles/Makefile2:193: CMakeFiles/publisher.dir/all] Error 2
[8.574s] gmake[1]: *** Waiting for unfinished jobs....
[12.342s] [ 66%] [32m[1mLinking CXX executable cpp_try[0m
[12.800s] [ 66%] Built target cpp_try
[13.153s] gmake[2]: *** [CMakeFiles/cpp_try2.dir/build.make:76: CMakeFiles/cpp_try2.dir/src/cpp_try2.cpp.o] Error 1
[13.154s] gmake[1]: *** [CMakeFiles/Makefile2:167: CMakeFiles/cpp_try2.dir/all] Error 2
[13.154s] gmake: *** [Makefile:146: all] Error 2
[13.158s] Invoked command in '/home/tayya/cpp_pkg/build/cpp_package' returned '2': CMAKE_PREFIX_PATH=${CMAKE_PREFIX_PATH}:/opt/ros/humble /usr/bin/cmake --build /home/tayya/cpp_pkg/build/cpp_package -- -j8 -l8
