[0.027s] Invoking command in '/home/tayya/cpp_pkg/build/cpp_package': CMAKE_PREFIX_PATH=${CMAKE_PREFIX_PATH}:/opt/ros/humble /usr/bin/cmake --build /home/tayya/cpp_pkg/build/cpp_package -- -j8 -l8
[0.078s] -- Found ament_cmake: 1.3.11 (/opt/ros/humble/share/ament_cmake/cmake)
[0.365s] -- Found rclcpp: 16.0.11 (/opt/ros/humble/share/rclcpp/cmake)
[0.426s] -- Found rosidl_generator_c: 3.1.6 (/opt/ros/humble/share/rosidl_generator_c/cmake)
[0.432s] -- Found rosidl_adapter: 3.1.6 (/opt/ros/humble/share/rosidl_adapter/cmake)
[0.445s] -- Found rosidl_generator_cpp: 3.1.6 (/opt/ros/humble/share/rosidl_generator_cpp/cmake)
[0.465s] -- Using all available rosidl_typesupport_c: rosidl_typesupport_fastrtps_c;rosidl_typesupport_introspection_c
[0.494s] -- Using all available rosidl_typesupport_cpp: rosidl_typesupport_fastrtps_cpp;rosidl_typesupport_introspection_cpp
[0.566s] -- Found rmw_implementation_cmake: 6.1.2 (/opt/ros/humble/share/rmw_implementation_cmake/cmake)
[0.569s] -- Found rmw_fastrtps_cpp: 6.2.7 (/opt/ros/humble/share/rmw_fastrtps_cpp/cmake)
[0.784s] -- Using RMW implementation 'rmw_fastrtps_cpp' as default
[1.074s] -- Configuring done
[1.122s] -- Generating done
[1.142s] -- Build files have been written to: /home/tayya/cpp_pkg/build/cpp_package
[1.202s] [35m[1mConsolidate compiler generated dependencies of target cpp_try[0m
[1.204s] [35m[1mConsolidate compiler generated dependencies of target publisher[0m
[1.207s] [35m[1mConsolidate compiler generated dependencies of target service[0m
[1.210s] [35m[1mConsolidate compiler generated dependencies of target cpp_try2[0m
[1.213s] [35m[1mConsolidate compiler generated dependencies of target subscriber[0m
[1.260s] [ 10%] [32mBuilding CXX object CMakeFiles/subscriber.dir/src/subscriber.cpp.o[0m
[1.260s] [ 30%] [32mBuilding CXX object CMakeFiles/cpp_try.dir/src/cpp_try.cpp.o[0m
[1.261s] [ 40%] [32mBuilding CXX object CMakeFiles/publisher.dir/src/publisher.cpp.o[0m
[1.261s] [ 40%] [32mBuilding CXX object CMakeFiles/service.dir/src/service.cpp.o[0m
[1.263s] [ 50%] [32mBuilding CXX object CMakeFiles/cpp_try2.dir/src/cpp_try2.cpp.o[0m
[2.177s] [01m[K/home/tayya/cpp_pkg/src/cpp_package/src/service.cpp:2:10:[m[K [01;31m[Kfatal error: [m[Kexample_interfaces/srv/add_two_ints.hpp: No such file or directory
[2.177s]     2 | #include [01;31m[K"example_interfaces/srv/add_two_ints.hpp"[m[K
[2.178s]       |          [01;31m[K^~~~~~~~~~~~~~~~~~~~~~~~~~~~~~~~~~~~~~~~~[m[K
[2.178s] compilation terminated.
[2.191s] gmake[2]: *** [CMakeFiles/service.dir/build.make:76: CMakeFiles/service.dir/src/service.cpp.o] Error 1
[2.193s] gmake[1]: *** [CMakeFiles/Makefile2:249: CMakeFiles/service.dir/all] Error 2
[2.193s] gmake[1]: *** Waiting for unfinished jobs....
[14.990s] [ 60%] [32m[1mLinking CXX executable cpp_try[0m
[15.310s] [ 70%] [32m[1mLinking CXX executable publisher[0m
[15.535s] [ 70%] Built target cpp_try
[15.887s] [ 70%] Built target publisher
[24.405s] [ 80%] [32m[1mLinking CXX executable subscriber[0m
[24.719s] [ 90%] [32m[1mLinking CXX executable cpp_try2[0m
[25.488s] [ 90%] Built target subscriber
[25.735s] [ 90%] Built target cpp_try2
[25.737s] gmake: *** [Makefile:146: all] Error 2
[25.742s] Invoked command in '/home/tayya/cpp_pkg/build/cpp_package' returned '2': CMAKE_PREFIX_PATH=${CMAKE_PREFIX_PATH}:/opt/ros/humble /usr/bin/cmake --build /home/tayya/cpp_pkg/build/cpp_package -- -j8 -l8
