[35m[1mConsolidate compiler generated dependencies of target cpp_try[0m
[ 50%] [32mBuilding CXX object CMakeFiles/cpp_try.dir/src/cpp_try.cpp.o[0m
[01m[K/home/tayya/cpp_pkg/src/cpp_package/src/cpp_try.cpp:34:2:[m[K [01;31m[Kerror: [m[Kexpected â€˜[01m[K}[m[Kâ€™ at end of input
   34 | }
      |  [01;31m[K^[m[K
[01m[K/home/tayya/cpp_pkg/src/cpp_package/src/cpp_try.cpp:11:45:[m[K [01;36m[Knote: [m[Kto match this â€˜[01m[K{[m[Kâ€™
   11 | class MinimalPublisher : public rclcpp::Node[01;36m[K{[m[K
      |                                             [01;36m[K^[m[K
[01m[K/home/tayya/cpp_pkg/src/cpp_package/src/cpp_try.cpp:[m[K In constructor â€˜[01m[KMinimalPublisher::MinimalPublisher()[m[Kâ€™:
[01m[K/home/tayya/cpp_pkg/src/cpp_package/src/cpp_try.cpp:13:44:[m[K [01;31m[Kerror: [m[Kclass â€˜[01m[KMinimalPublisher[m[Kâ€™ does not have any field named â€˜[01m[Kcount_[m[Kâ€™
   13 |     MinimalPublisher():Node("examp_pub") , [01;31m[Kcount_[m[K(0){
      |                                            [01;31m[K^~~~~~[m[K
[01m[K/home/tayya/cpp_pkg/src/cpp_package/src/cpp_try.cpp:14:7:[m[K [01;31m[Kerror: [m[Kâ€˜[01m[Kpublisher_[m[Kâ€™ was not declared in this scope; did you mean â€˜[01m[Krmw_publisher_t[m[Kâ€™?
   14 |       [01;31m[Kpublisher_[m[K = this->create_publisher<std_msgs::msg::String>("test_topic",10);
      |       [01;31m[K^~~~~~~~~~[m[K
      |       [32m[Krmw_publisher_t[m[K
[01m[K/home/tayya/cpp_pkg/src/cpp_package/src/cpp_try.cpp:15:7:[m[K [01;31m[Kerror: [m[Kâ€˜[01m[Ktimer_[m[Kâ€™ was not declared in this scope; did you mean â€˜[01m[Ktimer_t[m[Kâ€™?
   15 |       [01;31m[Ktimer_[m[K = this->create_wall_timer(600ms,std::bind(&MinimalPublisher::timer_callback, this);
      |       [01;31m[K^~~~~~[m[K
      |       [32m[Ktimer_t[m[K
[01m[K/home/tayya/cpp_pkg/src/cpp_package/src/cpp_try.cpp:15:75:[m[K [01;31m[Kerror: [m[Kâ€˜[01m[Ktimer_callback[m[Kâ€™ is not a member of â€˜[01m[KMinimalPublisher[m[Kâ€™
   15 |       timer_ = this->create_wall_timer(600ms,std::bind(&MinimalPublisher::[01;31m[Ktimer_callback[m[K, this);
      |                                                                           [01;31m[K^~~~~~~~~~~~~~[m[K
[01m[K/home/tayya/cpp_pkg/src/cpp_package/src/cpp_try.cpp:17:3:[m[K [01;31m[Kerror: [m[Kexpected primary-expression before â€˜[01m[Kprivate[m[Kâ€™
   17 |   [01;31m[Kprivate[m[K:
      |   [01;31m[K^~~~~~~[m[K
[01m[K/home/tayya/cpp_pkg/src/cpp_package/src/cpp_try.cpp:24:45:[m[K [01;31m[Kerror: [m[Kexpected unqualified-id before â€˜[01m[K:[m[Kâ€™ token
   24 |     rclcpp::Publisher<std_msgs::msg::String>[01;31m[K:[m[KSharedPtr publisher_;
      |                                             [01;31m[K^[m[K
[01m[K/home/tayya/cpp_pkg/src/cpp_package/src/cpp_try.cpp:25:12:[m[K [01;35m[Kwarning: [m[Kunused variable â€˜[01m[Kcount_[m[Kâ€™ [[01;35m[K]8;;https://gcc.gnu.org/onlinedocs/gcc/Warning-Options.html#index-Wunused-variable-Wunused-variable]8;;[m[K]
   25 |     size_t [01;35m[Kcount_[m[K;
      |            [01;35m[K^~~~~~[m[K
[01m[K/home/tayya/cpp_pkg/src/cpp_package/src/cpp_try.cpp:[m[K At global scope:
[01m[K/home/tayya/cpp_pkg/src/cpp_package/src/cpp_try.cpp:34:2:[m[K [01;31m[Kerror: [m[Kexpected unqualified-id at end of input
   34 | }
      |  [01;31m[K^[m[K
gmake[2]: *** [CMakeFiles/cpp_try.dir/build.make:76: CMakeFiles/cpp_try.dir/src/cpp_try.cpp.o] Error 1
gmake[1]: *** [CMakeFiles/Makefile2:137: CMakeFiles/cpp_try.dir/all] Error 2
gmake: *** [Makefile:146: all] Error 2
