[0.028s] Invoking command in '/home/tayya/cpp_pkg/build/cpp_package': CMAKE_PREFIX_PATH=${CMAKE_PREFIX_PATH}:/opt/ros/humble /usr/bin/cmake --build /home/tayya/cpp_pkg/build/cpp_package -- -j8 -l8
[0.147s] [35m[1mConsolidate compiler generated dependencies of target cpp_try2[0m
[0.159s] [  2%] Built target cpp_package__cpp
[0.163s] [  8%] Built target cpp_package__rosidl_generator_c
[0.193s] [ 12%] Built target publisher
[0.216s] [ 17%] Built target subscriber
[0.220s] [ 21%] Built target service
[0.221s] [ 25%] Built target cpp_try
[0.223s] [ 25%] Built target ament_cmake_python_copy_cpp_package
[0.238s] [ 27%] [32mBuilding CXX object CMakeFiles/cpp_try2.dir/src/cpp_try2.cpp.o[0m
[0.278s] [ 34%] Built target cpp_package__rosidl_typesupport_cpp
[0.280s] [ 38%] Built target client
[0.308s] [ 44%] Built target cpp_package__rosidl_typesupport_c
[0.321s] [ 51%] Built target cpp_package__rosidl_typesupport_introspection_c
[0.327s] [ 57%] Built target cpp_package__rosidl_typesupport_fastrtps_c
[0.335s] [ 63%] Built target cpp_package__rosidl_typesupport_fastrtps_cpp
[0.348s] [ 70%] Built target cpp_package__rosidl_typesupport_introspection_cpp
[0.378s] [ 74%] Built target service_class
[0.387s] [ 78%] Built target client_class
[0.402s] [ 78%] Built target cpp_package
[0.446s] [ 80%] Built target cpp_package__py
[0.508s] [ 85%] Built target cpp_package__rosidl_generator_py
[0.592s] [ 89%] Built target cpp_package__rosidl_typesupport_introspection_c__pyext
[0.593s] [ 93%] Built target cpp_package__rosidl_typesupport_fastrtps_c__pyext
[0.604s] [ 97%] Built target cpp_package__rosidl_typesupport_c__pyext
[1.209s] running egg_info
[1.211s] writing cpp_package.egg-info/PKG-INFO
[1.212s] writing dependency_links to cpp_package.egg-info/dependency_links.txt
[1.213s] writing top-level names to cpp_package.egg-info/top_level.txt
[1.230s] reading manifest file 'cpp_package.egg-info/SOURCES.txt'
[1.233s] writing manifest file 'cpp_package.egg-info/SOURCES.txt'
[1.353s] [ 97%] Built target ament_cmake_python_build_cpp_package_egg
[6.563s] In file included from [01m[K/opt/ros/humble/include/rclcpp/rclcpp/logging.hpp:24[m[K,
[6.563s]                  from [01m[K/opt/ros/humble/include/rclcpp/rclcpp/client.hpp:40[m[K,
[6.564s]                  from [01m[K/opt/ros/humble/include/rclcpp/rclcpp/callback_group.hpp:24[m[K,
[6.564s]                  from [01m[K/opt/ros/humble/include/rclcpp/rclcpp/any_executable.hpp:20[m[K,
[6.564s]                  from [01m[K/opt/ros/humble/include/rclcpp/rclcpp/memory_strategy.hpp:25[m[K,
[6.564s]                  from [01m[K/opt/ros/humble/include/rclcpp/rclcpp/memory_strategies.hpp:18[m[K,
[6.565s]                  from [01m[K/opt/ros/humble/include/rclcpp/rclcpp/executor_options.hpp:20[m[K,
[6.565s]                  from [01m[K/opt/ros/humble/include/rclcpp/rclcpp/executor.hpp:37[m[K,
[6.565s]                  from [01m[K/opt/ros/humble/include/rclcpp/rclcpp/executors/multi_threaded_executor.hpp:25[m[K,
[6.565s]                  from [01m[K/opt/ros/humble/include/rclcpp/rclcpp/executors.hpp:21[m[K,
[6.566s]                  from [01m[K/opt/ros/humble/include/rclcpp/rclcpp/rclcpp.hpp:155[m[K,
[6.566s]                  from [01m[K/home/tayya/cpp_pkg/src/cpp_package/src/cpp_try2.cpp:2[m[K:
[6.566s] [01m[K/home/tayya/cpp_pkg/src/cpp_package/src/cpp_try2.cpp:[m[K In constructor â€˜[01m[KMinimalSubscriber::MinimalSubscriber()[m[Kâ€™:
[6.566s] [01m[K/home/tayya/cpp_pkg/src/cpp_package/src/cpp_try2.cpp:12:56:[m[K [01;31m[Kerror: [m[Kâ€˜[01m[Kusing String = struct std_msgs::msg::String_<std::allocator<void> >[m[Kâ€™ {aka â€˜[01m[Kstruct std_msgs::msg::String_<std::allocator<void> >[m[Kâ€™} has no member named â€˜[01m[Kc_str[m[Kâ€™
[6.566s]    12 |             RCLCPP_INFO(this->get_logger(), "%s" ,comm.[01;31m[Kc_str[m[K());
[6.566s]       |                                                        [01;31m[K^~~~~[m[K
[12.799s] gmake[2]: *** [CMakeFiles/cpp_try2.dir/build.make:76: CMakeFiles/cpp_try2.dir/src/cpp_try2.cpp.o] Error 1
[12.799s] gmake[1]: *** [CMakeFiles/Makefile2:632: CMakeFiles/cpp_try2.dir/all] Error 2
[12.799s] gmake: *** [Makefile:146: all] Error 2
[12.805s] Invoked command in '/home/tayya/cpp_pkg/build/cpp_package' returned '2': CMAKE_PREFIX_PATH=${CMAKE_PREFIX_PATH}:/opt/ros/humble /usr/bin/cmake --build /home/tayya/cpp_pkg/build/cpp_package -- -j8 -l8
