-- Found ament_cmake: 1.3.11 (/opt/ros/humble/share/ament_cmake/cmake)
-- Found rclcpp: 16.0.11 (/opt/ros/humble/share/rclcpp/cmake)
-- Found rosidl_generator_c: 3.1.6 (/opt/ros/humble/share/rosidl_generator_c/cmake)
-- Found rosidl_adapter: 3.1.6 (/opt/ros/humble/share/rosidl_adapter/cmake)
-- Found rosidl_generator_cpp: 3.1.6 (/opt/ros/humble/share/rosidl_generator_cpp/cmake)
-- Using all available rosidl_typesupport_c: rosidl_typesupport_fastrtps_c;rosidl_typesupport_introspection_c
-- Using all available rosidl_typesupport_cpp: rosidl_typesupport_fastrtps_cpp;rosidl_typesupport_introspection_cpp
-- Found rmw_implementation_cmake: 6.1.2 (/opt/ros/humble/share/rmw_implementation_cmake/cmake)
-- Found rmw_fastrtps_cpp: 6.2.7 (/opt/ros/humble/share/rmw_fastrtps_cpp/cmake)
-- Using RMW implementation 'rmw_fastrtps_cpp' as default
-- Found example_interfaces: 0.9.3 (/opt/ros/humble/share/example_interfaces/cmake)
-- Found rosidl_default_generators: 1.2.0 (/opt/ros/humble/share/rosidl_default_generators/cmake)
-- Found ament_cmake_ros: 0.10.0 (/opt/ros/humble/share/ament_cmake_ros/cmake)
-- Using all available rosidl_typesupport_c: rosidl_typesupport_fastrtps_c;rosidl_typesupport_introspection_c
-- Using all available rosidl_typesupport_cpp: rosidl_typesupport_fastrtps_cpp;rosidl_typesupport_introspection_cpp
-- Found python_cmake_module: 0.10.0 (/opt/ros/humble/share/python_cmake_module/cmake)
-- Using PYTHON_EXECUTABLE: /usr/bin/python3
-- Using PYTHON_INCLUDE_DIRS: /usr/include/python3.10
-- Using PYTHON_LIBRARIES: /usr/lib/x86_64-linux-gnu/libpython3.10.so
-- Configuring done
-- Generating done
-- Build files have been written to: /home/tayya/cpp_pkg/build/cpp_package
[35m[1mConsolidate compiler generated dependencies of target cpp_package__rosidl_generator_c[0m
[35m[1mConsolidate compiler generated dependencies of target cpp_try2[0m
[35m[1mConsolidate compiler generated dependencies of target publisher[0m
[35m[1mConsolidate compiler generated dependencies of target subscriber[0m
[35m[1mConsolidate compiler generated dependencies of target cpp_try[0m
[35m[1mConsolidate compiler generated dependencies of target service[0m
[  2%] Built target cpp_package__cpp
[  9%] Built target cpp_package__rosidl_generator_c
[ 11%] [32mBuilding CXX object CMakeFiles/cpp_try2.dir/src/cpp_try2.cpp.o[0m
[ 11%] Built target ament_cmake_python_copy_cpp_package
[ 13%] [32mBuilding CXX object CMakeFiles/publisher.dir/src/publisher.cpp.o[0m
[ 16%] [32mBuilding CXX object CMakeFiles/cpp_try.dir/src/cpp_try.cpp.o[0m
[ 18%] [32mBuilding CXX object CMakeFiles/service.dir/src/service.cpp.o[0m
[35m[1mConsolidate compiler generated dependencies of target cpp_package__rosidl_typesupport_cpp[0m
[35m[1mConsolidate compiler generated dependencies of target cpp_package__rosidl_typesupport_fastrtps_c[0m
[ 20%] [32mBuilding CXX object CMakeFiles/subscriber.dir/src/subscriber.cpp.o[0m
[ 23%] [32mBuilding CXX object CMakeFiles/custom_service.dir/src/custom_service.cpp.o[0m
[ 30%] Built target cpp_package__rosidl_typesupport_cpp
[35m[1mConsolidate compiler generated dependencies of target cpp_package__rosidl_typesupport_fastrtps_cpp[0m
[ 37%] Built target cpp_package__rosidl_typesupport_fastrtps_c
[ 44%] Built target cpp_package__rosidl_typesupport_fastrtps_cpp
[35m[1mConsolidate compiler generated dependencies of target cpp_package__rosidl_typesupport_introspection_c[0m
[35m[1mConsolidate compiler generated dependencies of target cpp_package__rosidl_typesupport_c[0m
[ 51%] Built target cpp_package__rosidl_typesupport_introspection_c
[ 58%] Built target cpp_package__rosidl_typesupport_c
[35m[1mConsolidate compiler generated dependencies of target cpp_package__rosidl_typesupport_introspection_cpp[0m
[ 65%] Built target cpp_package__rosidl_typesupport_introspection_cpp
[ 65%] Built target cpp_package
[ 67%] [34m[1mGenerating Python code for ROS interfaces[0m
[01m[K/home/tayya/cpp_pkg/src/cpp_package/src/custom_service.cpp:2:10:[m[K [01;31m[Kfatal error: [m[Kcpp_package/srv/sayname.hpp: No such file or directory
    2 | #include [01;31m[K"cpp_package/srv/sayname.hpp"[m[K
      |          [01;31m[K^~~~~~~~~~~~~~~~~~~~~~~~~~~~~[m[K
compilation terminated.
gmake[2]: *** [CMakeFiles/custom_service.dir/build.make:76: CMakeFiles/custom_service.dir/src/custom_service.cpp.o] Error 1
gmake[1]: *** [CMakeFiles/Makefile2:732: CMakeFiles/custom_service.dir/all] Error 2
gmake[1]: *** Waiting for unfinished jobs....
running egg_info
writing cpp_package.egg-info/PKG-INFO
writing dependency_links to cpp_package.egg-info/dependency_links.txt
writing top-level names to cpp_package.egg-info/top_level.txt
reading manifest file 'cpp_package.egg-info/SOURCES.txt'
writing manifest file 'cpp_package.egg-info/SOURCES.txt'
[ 67%] Built target ament_cmake_python_build_cpp_package_egg
[ 67%] Built target cpp_package__py
[ 69%] [32m[1mLinking CXX executable publisher[0m
[ 72%] [32m[1mLinking CXX executable service[0m
[ 72%] Built target service
[ 72%] Built target publisher
[ 74%] [32m[1mLinking CXX executable cpp_try[0m
[ 74%] Built target cpp_try
[ 76%] [32m[1mLinking CXX executable subscriber[0m
[ 79%] [32m[1mLinking CXX executable cpp_try2[0m
[ 79%] Built target subscriber
[ 79%] Built target cpp_try2
gmake: *** [Makefile:146: all] Error 2
