[0.033s] Invoking command in '/home/tayya/cpp_pkg/build/cpp_package': CMAKE_PREFIX_PATH=${CMAKE_PREFIX_PATH}:/opt/ros/humble /usr/bin/cmake --build /home/tayya/cpp_pkg/build/cpp_package -- -j8 -l8
[0.094s] -- Found ament_cmake: 1.3.11 (/opt/ros/humble/share/ament_cmake/cmake)
[0.393s] -- Found rclcpp: 16.0.11 (/opt/ros/humble/share/rclcpp/cmake)
[0.462s] -- Found rosidl_generator_c: 3.1.6 (/opt/ros/humble/share/rosidl_generator_c/cmake)
[0.467s] -- Found rosidl_adapter: 3.1.6 (/opt/ros/humble/share/rosidl_adapter/cmake)
[0.481s] -- Found rosidl_generator_cpp: 3.1.6 (/opt/ros/humble/share/rosidl_generator_cpp/cmake)
[0.503s] -- Using all available rosidl_typesupport_c: rosidl_typesupport_fastrtps_c;rosidl_typesupport_introspection_c
[0.532s] -- Using all available rosidl_typesupport_cpp: rosidl_typesupport_fastrtps_cpp;rosidl_typesupport_introspection_cpp
[0.618s] -- Found rmw_implementation_cmake: 6.1.2 (/opt/ros/humble/share/rmw_implementation_cmake/cmake)
[0.622s] -- Found rmw_fastrtps_cpp: 6.2.7 (/opt/ros/humble/share/rmw_fastrtps_cpp/cmake)
[0.897s] -- Using RMW implementation 'rmw_fastrtps_cpp' as default
[1.026s] -- Found example_interfaces: 0.9.3 (/opt/ros/humble/share/example_interfaces/cmake)
[1.121s] -- Found rosidl_default_generators: 1.2.0 (/opt/ros/humble/share/rosidl_default_generators/cmake)
[1.712s] -- Found ament_cmake_ros: 0.10.0 (/opt/ros/humble/share/ament_cmake_ros/cmake)
[2.374s] -- Using all available rosidl_typesupport_c: rosidl_typesupport_fastrtps_c;rosidl_typesupport_introspection_c
[2.635s] -- Using all available rosidl_typesupport_cpp: rosidl_typesupport_fastrtps_cpp;rosidl_typesupport_introspection_cpp
[2.686s] -- Found python_cmake_module: 0.10.0 (/opt/ros/humble/share/python_cmake_module/cmake)
[2.738s] -- Using PYTHON_EXECUTABLE: /usr/bin/python3
[2.738s] -- Using PYTHON_INCLUDE_DIRS: /usr/include/python3.10
[2.738s] -- Using PYTHON_LIBRARIES: /usr/lib/x86_64-linux-gnu/libpython3.10.so
[2.788s] -- Configuring done
[2.889s] -- Generating done
[2.936s] -- Build files have been written to: /home/tayya/cpp_pkg/build/cpp_package
[3.000s] [35m[1mConsolidate compiler generated dependencies of target cpp_package__rosidl_generator_c[0m
[3.003s] [35m[1mConsolidate compiler generated dependencies of target cpp_try2[0m
[3.004s] [35m[1mConsolidate compiler generated dependencies of target publisher[0m
[3.011s] [35m[1mConsolidate compiler generated dependencies of target subscriber[0m
[3.021s] [35m[1mConsolidate compiler generated dependencies of target cpp_try[0m
[3.029s] [35m[1mConsolidate compiler generated dependencies of target service[0m
[3.036s] [  2%] Built target cpp_package__cpp
[3.051s] [  9%] Built target cpp_package__rosidl_generator_c
[3.065s] [ 11%] [32mBuilding CXX object CMakeFiles/cpp_try2.dir/src/cpp_try2.cpp.o[0m
[3.068s] [ 11%] Built target ament_cmake_python_copy_cpp_package
[3.082s] [ 13%] [32mBuilding CXX object CMakeFiles/publisher.dir/src/publisher.cpp.o[0m
[3.084s] [ 16%] [32mBuilding CXX object CMakeFiles/cpp_try.dir/src/cpp_try.cpp.o[0m
[3.094s] [ 18%] [32mBuilding CXX object CMakeFiles/service.dir/src/service.cpp.o[0m
[3.104s] [35m[1mConsolidate compiler generated dependencies of target cpp_package__rosidl_typesupport_cpp[0m
[3.105s] [35m[1mConsolidate compiler generated dependencies of target cpp_package__rosidl_typesupport_fastrtps_c[0m
[3.108s] [ 20%] [32mBuilding CXX object CMakeFiles/subscriber.dir/src/subscriber.cpp.o[0m
[3.124s] [ 23%] [32mBuilding CXX object CMakeFiles/custom_service.dir/src/custom_service.cpp.o[0m
[3.154s] [ 30%] Built target cpp_package__rosidl_typesupport_cpp
[3.185s] [35m[1mConsolidate compiler generated dependencies of target cpp_package__rosidl_typesupport_fastrtps_cpp[0m
[3.222s] [ 37%] Built target cpp_package__rosidl_typesupport_fastrtps_c
[3.226s] [ 44%] Built target cpp_package__rosidl_typesupport_fastrtps_cpp
[3.294s] [35m[1mConsolidate compiler generated dependencies of target cpp_package__rosidl_typesupport_introspection_c[0m
[3.355s] [35m[1mConsolidate compiler generated dependencies of target cpp_package__rosidl_typesupport_c[0m
[3.384s] [ 51%] Built target cpp_package__rosidl_typesupport_introspection_c
[3.443s] [ 58%] Built target cpp_package__rosidl_typesupport_c
[3.444s] [35m[1mConsolidate compiler generated dependencies of target cpp_package__rosidl_typesupport_introspection_cpp[0m
[3.538s] [ 65%] Built target cpp_package__rosidl_typesupport_introspection_cpp
[3.658s] [ 65%] Built target cpp_package
[3.778s] [ 67%] [34m[1mGenerating Python code for ROS interfaces[0m
[4.036s] [01m[K/home/tayya/cpp_pkg/src/cpp_package/src/custom_service.cpp:2:10:[m[K [01;31m[Kfatal error: [m[Kcpp_package/srv/sayname.hpp: No such file or directory
[4.036s]     2 | #include [01;31m[K"cpp_package/srv/sayname.hpp"[m[K
[4.036s]       |          [01;31m[K^~~~~~~~~~~~~~~~~~~~~~~~~~~~~[m[K
[4.037s] compilation terminated.
[4.046s] gmake[2]: *** [CMakeFiles/custom_service.dir/build.make:76: CMakeFiles/custom_service.dir/src/custom_service.cpp.o] Error 1
[4.047s] gmake[1]: *** [CMakeFiles/Makefile2:732: CMakeFiles/custom_service.dir/all] Error 2
[4.047s] gmake[1]: *** Waiting for unfinished jobs....
[4.548s] running egg_info
[4.551s] writing cpp_package.egg-info/PKG-INFO
[4.552s] writing dependency_links to cpp_package.egg-info/dependency_links.txt
[4.554s] writing top-level names to cpp_package.egg-info/top_level.txt
[4.561s] reading manifest file 'cpp_package.egg-info/SOURCES.txt'
[4.563s] writing manifest file 'cpp_package.egg-info/SOURCES.txt'
[4.653s] [ 67%] Built target ament_cmake_python_build_cpp_package_egg
[5.649s] [ 67%] Built target cpp_package__py
[17.221s] [ 69%] [32m[1mLinking CXX executable publisher[0m
[17.275s] [ 72%] [32m[1mLinking CXX executable service[0m
[17.767s] [ 72%] Built target service
[17.815s] [ 72%] Built target publisher
[20.275s] [ 74%] [32m[1mLinking CXX executable cpp_try[0m
[20.792s] [ 74%] Built target cpp_try
[27.283s] [ 76%] [32m[1mLinking CXX executable subscriber[0m
[27.859s] [ 79%] [32m[1mLinking CXX executable cpp_try2[0m
[28.403s] [ 79%] Built target subscriber
[28.860s] [ 79%] Built target cpp_try2
[28.864s] gmake: *** [Makefile:146: all] Error 2
[28.870s] Invoked command in '/home/tayya/cpp_pkg/build/cpp_package' returned '2': CMAKE_PREFIX_PATH=${CMAKE_PREFIX_PATH}:/opt/ros/humble /usr/bin/cmake --build /home/tayya/cpp_pkg/build/cpp_package -- -j8 -l8
