[0.033s] Invoking command in '/home/tayya/cpp_pkg/build/cpp_package': /usr/bin/cmake --build /home/tayya/cpp_pkg/build/cpp_package -- -j8 -l8
[0.091s] -- Found ament_cmake: 1.3.11 (/opt/ros/humble/share/ament_cmake/cmake)
[0.375s] -- Found rclcpp: 16.0.11 (/opt/ros/humble/share/rclcpp/cmake)
[0.439s] -- Found rosidl_generator_c: 3.1.6 (/opt/ros/humble/share/rosidl_generator_c/cmake)
[0.445s] -- Found rosidl_adapter: 3.1.6 (/opt/ros/humble/share/rosidl_adapter/cmake)
[0.458s] -- Found rosidl_generator_cpp: 3.1.6 (/opt/ros/humble/share/rosidl_generator_cpp/cmake)
[0.478s] -- Using all available rosidl_typesupport_c: rosidl_typesupport_fastrtps_c;rosidl_typesupport_introspection_c
[0.504s] -- Using all available rosidl_typesupport_cpp: rosidl_typesupport_fastrtps_cpp;rosidl_typesupport_introspection_cpp
[0.575s] -- Found rmw_implementation_cmake: 6.1.2 (/opt/ros/humble/share/rmw_implementation_cmake/cmake)
[0.578s] -- Found rmw_fastrtps_cpp: 6.2.7 (/opt/ros/humble/share/rmw_fastrtps_cpp/cmake)
[0.790s] -- Using RMW implementation 'rmw_fastrtps_cpp' as default
[0.899s] -- Found example_interfaces: 0.9.3 (/opt/ros/humble/share/example_interfaces/cmake)
[0.982s] -- Found rosidl_default_generators: 1.2.0 (/opt/ros/humble/share/rosidl_default_generators/cmake)
[1.400s] Error parsing '/home/tayya/cpp_pkg/src/cpp_package/package.xml':
[1.499s] Traceback (most recent call last):
[1.500s]   File "/opt/ros/humble/share/ament_cmake_core/cmake/core/package_xml_2_cmake.py", line 150, in <module>
[1.500s]     main()
[1.500s]   File "/opt/ros/humble/share/ament_cmake_core/cmake/core/package_xml_2_cmake.py", line 53, in main
[1.500s]     raise e
[1.500s]   File "/opt/ros/humble/share/ament_cmake_core/cmake/core/package_xml_2_cmake.py", line 49, in main
[1.500s]     package = parse_package_string(
[1.500s]   File "/usr/lib/python3/dist-packages/catkin_pkg/package.py", line 786, in parse_package_string
[1.510s]     raise InvalidPackage('Error(s):%s' % (''.join(['\n- %s' % e for e in errors])), filename)
[1.510s] catkin_pkg.package.InvalidPackage: Error(s) in package '/home/tayya/cpp_pkg/src/cpp_package/package.xml':
[1.511s] Error(s):
[1.511s] - The generic dependency on 'rosidl_default_generators' is redundant with: build_depend
[1.541s] [31mCMake Error at /opt/ros/humble/share/ament_cmake_core/cmake/core/ament_package_xml.cmake:95 (message):
[1.541s]   execute_process(/usr/bin/python3
[1.542s]   /opt/ros/humble/share/ament_cmake_core/cmake/core/package_xml_2_cmake.py
[1.542s]   /home/tayya/cpp_pkg/src/cpp_package/package.xml
[1.542s]   /home/tayya/cpp_pkg/build/cpp_package/ament_cmake_core/package.cmake)
[1.542s]   returned error code 1
[1.543s] Call Stack (most recent call first):
[1.543s]   /opt/ros/humble/share/ament_cmake_core/cmake/core/ament_package_xml.cmake:49 (_ament_package_xml)
[1.543s]   /opt/ros/humble/share/rosidl_cmake/cmake/rosidl_generate_interfaces.cmake:226 (ament_package_xml)
[1.543s]   CMakeLists.txt:15 (rosidl_generate_interfaces)
[1.543s] 
[1.544s] [0m
[1.544s] -- Configuring incomplete, errors occurred!
[1.544s] See also "/home/tayya/cpp_pkg/build/cpp_package/CMakeFiles/CMakeOutput.log".
[1.556s] gmake: *** [Makefile:1075: cmake_check_build_system] Error 1
[1.560s] Invoked command in '/home/tayya/cpp_pkg/build/cpp_package' returned '2': /usr/bin/cmake --build /home/tayya/cpp_pkg/build/cpp_package -- -j8 -l8
