[35m[1mConsolidate compiler generated dependencies of target cpp_package__rosidl_generator_c[0m
[  6%] Built target cpp_package__rosidl_generator_c
[  8%] Built target cpp_package__cpp
[ 12%] Built target publisher
[ 17%] Built target cpp_try
[ 21%] Built target subscriber
[ 25%] Built target cpp_try2
[ 25%] Built target ament_cmake_python_copy_cpp_package
[35m[1mConsolidate compiler generated dependencies of target cpp_package__rosidl_typesupport_cpp[0m
[ 29%] Built target service
[35m[1mConsolidate compiler generated dependencies of target cpp_package__rosidl_typesupport_fastrtps_c[0m
[ 31%] [32mBuilding CXX object CMakeFiles/service_class.dir/src/service_class.cpp.o[0m
[35m[1mConsolidate compiler generated dependencies of target cpp_package__rosidl_typesupport_introspection_c[0m
[35m[1mConsolidate compiler generated dependencies of target cpp_package__rosidl_typesupport_fastrtps_cpp[0m
[ 38%] Built target cpp_package__rosidl_typesupport_cpp
[ 40%] [32m[1mLinking CXX executable client_class[0m
[35m[1mConsolidate compiler generated dependencies of target cpp_package__rosidl_typesupport_c[0m
[ 44%] Built target client
[ 51%] Built target cpp_package__rosidl_typesupport_fastrtps_c
[ 57%] Built target cpp_package__rosidl_typesupport_fastrtps_cpp
[ 61%] [32mBuilding CXX object CMakeFiles/cpp_package__rosidl_typesupport_c.dir/rosidl_typesupport_c/cpp_package/srv/capital_full_name__type_support.cpp.o[0m
[ 65%] Built target cpp_package__rosidl_typesupport_introspection_c
[35m[1mConsolidate compiler generated dependencies of target cpp_package__rosidl_typesupport_introspection_cpp[0m
[ 72%] Built target cpp_package__rosidl_typesupport_introspection_cpp
[ 74%] [32m[1mLinking CXX shared library libcpp_package__rosidl_typesupport_c.so[0m
[ 76%] Built target cpp_package__rosidl_typesupport_c
[ 76%] Built target cpp_package
/usr/bin/ld: /usr/lib/gcc/x86_64-linux-gnu/11/../../../x86_64-linux-gnu/Scrt1.o: in function `_start':
(.text+0x1b): undefined reference to `main'
collect2: error: ld returned 1 exit status
gmake[2]: *** [CMakeFiles/client_class.dir/build.make:190: client_class] Error 1
gmake[1]: *** [CMakeFiles/Makefile2:788: CMakeFiles/client_class.dir/all] Error 2
gmake[1]: *** Waiting for unfinished jobs....
[ 78%] [34m[1mGenerating Python code for ROS interfaces[0m
[01m[K/home/tayya/cpp_pkg/src/cpp_package/src/service_class.cpp:2:10:[m[K [01;31m[Kfatal error: [m[Kcpp_package/srv/capital_full_name.hpp: No such file or directory
    2 | #include [01;31m[K"cpp_package/srv/capital_full_name.hpp"[m[K
      |          [01;31m[K^~~~~~~~~~~~~~~~~~~~~~~~~~~~~~~~~~~~~~~[m[K
compilation terminated.
gmake[2]: *** [CMakeFiles/service_class.dir/build.make:76: CMakeFiles/service_class.dir/src/service_class.cpp.o] Error 1
gmake[1]: *** [CMakeFiles/Makefile2:762: CMakeFiles/service_class.dir/all] Error 2
running egg_info
writing cpp_package.egg-info/PKG-INFO
writing dependency_links to cpp_package.egg-info/dependency_links.txt
writing top-level names to cpp_package.egg-info/top_level.txt
reading manifest file 'cpp_package.egg-info/SOURCES.txt'
writing manifest file 'cpp_package.egg-info/SOURCES.txt'
[ 78%] Built target ament_cmake_python_build_cpp_package_egg
[ 78%] Built target cpp_package__py
gmake: *** [Makefile:146: all] Error 2
