[0.030s] Invoking command in '/home/tayya/cpp_pkg/build/cpp_package': CMAKE_PREFIX_PATH=${CMAKE_PREFIX_PATH}:/opt/ros/humble /usr/bin/cmake --build /home/tayya/cpp_pkg/build/cpp_package -- -j8 -l8
[0.084s] -- Found ament_cmake: 1.3.11 (/opt/ros/humble/share/ament_cmake/cmake)
[0.369s] -- Found rclcpp: 16.0.11 (/opt/ros/humble/share/rclcpp/cmake)
[0.430s] -- Found rosidl_generator_c: 3.1.6 (/opt/ros/humble/share/rosidl_generator_c/cmake)
[0.435s] -- Found rosidl_adapter: 3.1.6 (/opt/ros/humble/share/rosidl_adapter/cmake)
[0.449s] -- Found rosidl_generator_cpp: 3.1.6 (/opt/ros/humble/share/rosidl_generator_cpp/cmake)
[0.471s] -- Using all available rosidl_typesupport_c: rosidl_typesupport_fastrtps_c;rosidl_typesupport_introspection_c
[0.498s] -- Using all available rosidl_typesupport_cpp: rosidl_typesupport_fastrtps_cpp;rosidl_typesupport_introspection_cpp
[0.572s] -- Found rmw_implementation_cmake: 6.1.2 (/opt/ros/humble/share/rmw_implementation_cmake/cmake)
[0.575s] -- Found rmw_fastrtps_cpp: 6.2.7 (/opt/ros/humble/share/rmw_fastrtps_cpp/cmake)
[0.791s] -- Using RMW implementation 'rmw_fastrtps_cpp' as default
[0.898s] -- Found example_interfaces: 0.9.3 (/opt/ros/humble/share/example_interfaces/cmake)
[1.136s] -- Configuring done
[1.210s] -- Generating done
[1.235s] -- Build files have been written to: /home/tayya/cpp_pkg/build/cpp_package
[1.287s] [35m[1mConsolidate compiler generated dependencies of target cpp_try2[0m
[1.287s] [35m[1mConsolidate compiler generated dependencies of target cpp_try[0m
[1.295s] [35m[1mConsolidate compiler generated dependencies of target publisher[0m
[1.296s] [35m[1mConsolidate compiler generated dependencies of target subscriber[0m
[1.297s] [35m[1mConsolidate compiler generated dependencies of target service[0m
[1.325s] [  8%] [32mBuilding CXX object CMakeFiles/client.dir/src/client.cpp.o[0m
[1.336s] [ 16%] [32mBuilding CXX object CMakeFiles/cpp_try.dir/src/cpp_try.cpp.o[0m
[1.339s] [ 25%] [32mBuilding CXX object CMakeFiles/cpp_try2.dir/src/cpp_try2.cpp.o[0m
[1.345s] [ 33%] [32mBuilding CXX object CMakeFiles/publisher.dir/src/publisher.cpp.o[0m
[1.345s] [ 41%] [32mBuilding CXX object CMakeFiles/service.dir/src/service.cpp.o[0m
[1.345s] [ 50%] [32mBuilding CXX object CMakeFiles/subscriber.dir/src/subscriber.cpp.o[0m
[8.333s] [01m[K/home/tayya/cpp_pkg/src/cpp_package/src/client.cpp:[m[K In function â€˜[01m[Kint main(int, char**)[m[Kâ€™:
[8.334s] [01m[K/home/tayya/cpp_pkg/src/cpp_package/src/client.cpp:17:18:[m[K [01;31m[Kerror: [m[Kâ€˜[01m[Katool[m[Kâ€™ was not declared in this scope; did you mean â€˜[01m[Katoll[m[Kâ€™?
[8.334s]    17 |     request->a = [01;31m[Katool[m[K(argv[1]);
[8.334s]       |                  [01;31m[K^~~~~[m[K
[8.335s]       |                  [32m[Katoll[m[K
[10.205s] gmake[2]: *** [CMakeFiles/client.dir/build.make:76: CMakeFiles/client.dir/src/client.cpp.o] Error 1
[10.206s] gmake[1]: *** [CMakeFiles/Makefile2:277: CMakeFiles/client.dir/all] Error 2
[10.206s] gmake[1]: *** Waiting for unfinished jobs....
[13.929s] [ 58%] [32m[1mLinking CXX executable service[0m
[14.395s] [ 58%] Built target service
[17.097s] [ 66%] [32m[1mLinking CXX executable publisher[0m
[17.653s] [ 66%] Built target publisher
[18.043s] [ 75%] [32m[1mLinking CXX executable cpp_try[0m
[18.550s] [ 75%] Built target cpp_try
[23.802s] [ 83%] [32m[1mLinking CXX executable subscriber[0m
[24.754s] [ 83%] Built target subscriber
[26.077s] [ 91%] [32m[1mLinking CXX executable cpp_try2[0m
[26.966s] [ 91%] Built target cpp_try2
[26.968s] gmake: *** [Makefile:146: all] Error 2
[26.973s] Invoked command in '/home/tayya/cpp_pkg/build/cpp_package' returned '2': CMAKE_PREFIX_PATH=${CMAKE_PREFIX_PATH}:/opt/ros/humble /usr/bin/cmake --build /home/tayya/cpp_pkg/build/cpp_package -- -j8 -l8
