[0.024s] Invoking command in '/home/tayya/cpp_pkg/build/cpp_package': CMAKE_PREFIX_PATH=${CMAKE_PREFIX_PATH}:/opt/ros/humble /usr/bin/cmake --build /home/tayya/cpp_pkg/build/cpp_package -- -j8 -l8
[0.073s] -- Found ament_cmake: 1.3.11 (/opt/ros/humble/share/ament_cmake/cmake)
[0.347s] -- Found rclcpp: 16.0.11 (/opt/ros/humble/share/rclcpp/cmake)
[0.406s] -- Found rosidl_generator_c: 3.1.6 (/opt/ros/humble/share/rosidl_generator_c/cmake)
[0.411s] -- Found rosidl_adapter: 3.1.6 (/opt/ros/humble/share/rosidl_adapter/cmake)
[0.424s] -- Found rosidl_generator_cpp: 3.1.6 (/opt/ros/humble/share/rosidl_generator_cpp/cmake)
[0.445s] -- Using all available rosidl_typesupport_c: rosidl_typesupport_fastrtps_c;rosidl_typesupport_introspection_c
[0.474s] -- Using all available rosidl_typesupport_cpp: rosidl_typesupport_fastrtps_cpp;rosidl_typesupport_introspection_cpp
[0.544s] -- Found rmw_implementation_cmake: 6.1.2 (/opt/ros/humble/share/rmw_implementation_cmake/cmake)
[0.548s] -- Found rmw_fastrtps_cpp: 6.2.7 (/opt/ros/humble/share/rmw_fastrtps_cpp/cmake)
[0.752s] -- Using RMW implementation 'rmw_fastrtps_cpp' as default
[0.860s] -- Found example_interfaces: 0.9.3 (/opt/ros/humble/share/example_interfaces/cmake)
[0.940s] -- Found rosidl_default_generators: 1.2.0 (/opt/ros/humble/share/rosidl_default_generators/cmake)
[1.471s] -- Found ament_cmake_ros: 0.10.0 (/opt/ros/humble/share/ament_cmake_ros/cmake)
[2.192s] -- Using all available rosidl_typesupport_c: rosidl_typesupport_fastrtps_c;rosidl_typesupport_introspection_c
[2.469s] -- Using all available rosidl_typesupport_cpp: rosidl_typesupport_fastrtps_cpp;rosidl_typesupport_introspection_cpp
[2.521s] -- Found python_cmake_module: 0.10.0 (/opt/ros/humble/share/python_cmake_module/cmake)
[2.573s] -- Using PYTHON_EXECUTABLE: /usr/bin/python3
[2.573s] -- Using PYTHON_INCLUDE_DIRS: /usr/include/python3.10
[2.573s] -- Using PYTHON_LIBRARIES: /usr/lib/x86_64-linux-gnu/libpython3.10.so
[2.625s] -- Configuring done
[2.727s] -- Generating done
[2.783s] -- Build files have been written to: /home/tayya/cpp_pkg/build/cpp_package
[2.851s] [35m[1mConsolidate compiler generated dependencies of target cpp_package__rosidl_generator_c[0m
[2.851s] [35m[1mConsolidate compiler generated dependencies of target cpp_try2[0m
[2.852s] [35m[1mConsolidate compiler generated dependencies of target cpp_try[0m
[2.856s] [35m[1mConsolidate compiler generated dependencies of target subscriber[0m
[2.856s] [35m[1mConsolidate compiler generated dependencies of target publisher[0m
[2.864s] [35m[1mConsolidate compiler generated dependencies of target service[0m
[2.892s] [  2%] Built target cpp_package__cpp
[2.892s] [  9%] Built target cpp_package__rosidl_generator_c
[2.908s] [ 13%] Built target cpp_try
[2.910s] [ 18%] Built target cpp_try2
[2.916s] [ 18%] Built target ament_cmake_python_copy_cpp_package
[2.916s] [ 23%] Built target subscriber
[2.922s] [ 27%] Built target publisher
[2.936s] [ 32%] Built target service
[2.951s] [35m[1mConsolidate compiler generated dependencies of target cpp_package__rosidl_typesupport_cpp[0m
[2.951s] [35m[1mConsolidate compiler generated dependencies of target cpp_package__rosidl_typesupport_fastrtps_cpp[0m
[2.952s] [35m[1mConsolidate compiler generated dependencies of target cpp_package__rosidl_typesupport_c[0m
[2.952s] [35m[1mConsolidate compiler generated dependencies of target cpp_package__rosidl_typesupport_fastrtps_c[0m
[2.952s] [35m[1mConsolidate compiler generated dependencies of target cpp_package__rosidl_typesupport_introspection_c[0m
[2.969s] [ 34%] [32mBuilding CXX object CMakeFiles/custom_service.dir/src/custom_service.cpp.o[0m
[2.988s] [35m[1mConsolidate compiler generated dependencies of target cpp_package__rosidl_typesupport_introspection_cpp[0m
[2.999s] [ 41%] Built target cpp_package__rosidl_typesupport_cpp
[3.006s] [ 48%] Built target cpp_package__rosidl_typesupport_c
[3.010s] [ 55%] Built target cpp_package__rosidl_typesupport_fastrtps_c
[3.015s] [ 62%] Built target cpp_package__rosidl_typesupport_fastrtps_cpp
[3.028s] [ 69%] Built target cpp_package__rosidl_typesupport_introspection_c
[3.032s] [ 76%] Built target cpp_package__rosidl_typesupport_introspection_cpp
[3.088s] [ 76%] Built target cpp_package
[3.134s] [ 79%] Built target cpp_package__py
[3.155s] [35m[1mConsolidate compiler generated dependencies of target cpp_package__rosidl_generator_py[0m
[3.181s] [ 83%] Built target cpp_package__rosidl_generator_py
[3.203s] [35m[1mConsolidate compiler generated dependencies of target cpp_package__rosidl_typesupport_fastrtps_c__pyext[0m
[3.211s] [35m[1mConsolidate compiler generated dependencies of target cpp_package__rosidl_typesupport_introspection_c__pyext[0m
[3.211s] [35m[1mConsolidate compiler generated dependencies of target cpp_package__rosidl_typesupport_c__pyext[0m
[3.231s] [ 88%] Built target cpp_package__rosidl_typesupport_fastrtps_c__pyext
[3.248s] [ 93%] Built target cpp_package__rosidl_typesupport_introspection_c__pyext
[3.249s] [ 97%] Built target cpp_package__rosidl_typesupport_c__pyext
[3.534s] [01m[K/home/tayya/cpp_pkg/src/cpp_package/src/custom_service.cpp:2:10:[m[K [01;31m[Kfatal error: [m[Kcpp_package/srv/sayname.hpp: No such file or directory
[3.534s]     2 | #include [01;31m[K"cpp_package/srv/sayname.hpp"[m[K
[3.535s]       |          [01;31m[K^~~~~~~~~~~~~~~~~~~~~~~~~~~~~[m[K
[3.535s] compilation terminated.
[3.549s] gmake[2]: *** [CMakeFiles/custom_service.dir/build.make:76: CMakeFiles/custom_service.dir/src/custom_service.cpp.o] Error 1
[3.549s] gmake[1]: *** [CMakeFiles/Makefile2:732: CMakeFiles/custom_service.dir/all] Error 2
[3.549s] gmake[1]: *** Waiting for unfinished jobs....
[3.612s] running egg_info
[3.614s] writing cpp_package.egg-info/PKG-INFO
[3.615s] writing dependency_links to cpp_package.egg-info/dependency_links.txt
[3.615s] writing top-level names to cpp_package.egg-info/top_level.txt
[3.620s] reading manifest file 'cpp_package.egg-info/SOURCES.txt'
[3.621s] writing manifest file 'cpp_package.egg-info/SOURCES.txt'
[3.676s] [ 97%] Built target ament_cmake_python_build_cpp_package_egg
[3.678s] gmake: *** [Makefile:146: all] Error 2
[3.684s] Invoked command in '/home/tayya/cpp_pkg/build/cpp_package' returned '2': CMAKE_PREFIX_PATH=${CMAKE_PREFIX_PATH}:/opt/ros/humble /usr/bin/cmake --build /home/tayya/cpp_pkg/build/cpp_package -- -j8 -l8
