[  8%] Built target cpp_package__cpp
[  6%] Built target cpp_package__rosidl_generator_c
[ 12%] Built target cpp_try
[ 17%] Built target publisher
[ 21%] Built target subscriber
[ 21%] Built target ament_cmake_python_copy_cpp_package
[ 25%] Built target cpp_try2
[ 29%] Built target service
[ 36%] Built target cpp_package__rosidl_typesupport_cpp
[ 40%] Built target client
[ 46%] Built target cpp_package__rosidl_typesupport_fastrtps_cpp
[ 53%] Built target cpp_package__rosidl_typesupport_introspection_c
[ 59%] Built target cpp_package__rosidl_typesupport_c
[ 65%] Built target cpp_package__rosidl_typesupport_fastrtps_c
[ 72%] Built target cpp_package__rosidl_typesupport_introspection_cpp
[ 72%] Built target cpp_package
[35m[1mConsolidate compiler generated dependencies of target service_class[0m
[ 74%] Built target cpp_package__py
[ 76%] [32m[1mLinking CXX executable client_class[0m
[ 78%] [32mBuilding CXX object CMakeFiles/service_class.dir/src/service_class.cpp.o[0m
[ 82%] Built target cpp_package__rosidl_generator_py
[ 87%] Built target cpp_package__rosidl_typesupport_fastrtps_c__pyext
[ 91%] Built target cpp_package__rosidl_typesupport_introspection_c__pyext
[ 95%] Built target cpp_package__rosidl_typesupport_c__pyext
/usr/bin/ld: /usr/lib/gcc/x86_64-linux-gnu/11/../../../x86_64-linux-gnu/Scrt1.o: in function `_start':
(.text+0x1b): undefined reference to `main'
collect2: error: ld returned 1 exit status
gmake[2]: *** [CMakeFiles/client_class.dir/build.make:191: client_class] Error 1
gmake[1]: *** [CMakeFiles/Makefile2:792: CMakeFiles/client_class.dir/all] Error 2
gmake[1]: *** Waiting for unfinished jobs....
running egg_info
writing cpp_package.egg-info/PKG-INFO
writing dependency_links to cpp_package.egg-info/dependency_links.txt
writing top-level names to cpp_package.egg-info/top_level.txt
reading manifest file 'cpp_package.egg-info/SOURCES.txt'
writing manifest file 'cpp_package.egg-info/SOURCES.txt'
[ 95%] Built target ament_cmake_python_build_cpp_package_egg
[01m[K/home/tayya/cpp_pkg/src/cpp_package/src/service_class.cpp:10:139:[m[K [01;31m[Kerror: [m[Kexpected â€˜[01m[K;[m[Kâ€™ at end of member declaration
   10 |         void ComposeFullName(const std::shared_ptr<CapitalFullName::Request> request , std::shared_ptr<CapitalFullName::Response> response[01;31m[K)[m[K
      |                                                                                                                                           [01;31m[K^[m[K
      |                                                                                                                                            [32m[K;[m[K
gmake[2]: *** [CMakeFiles/service_class.dir/build.make:76: CMakeFiles/service_class.dir/src/service_class.cpp.o] Error 1
gmake[1]: *** [CMakeFiles/Makefile2:764: CMakeFiles/service_class.dir/all] Error 2
gmake: *** [Makefile:146: all] Error 2
