[0.041s] Invoking command in '/home/tayya/cpp_pkg/build/cpp_package': CMAKE_PREFIX_PATH=${CMAKE_PREFIX_PATH}:/opt/ros/humble /usr/bin/cmake --build /home/tayya/cpp_pkg/build/cpp_package -- -j8 -l8
[0.222s] [  8%] Built target cpp_package__cpp
[0.223s] [  6%] Built target cpp_package__rosidl_generator_c
[0.227s] [ 12%] Built target cpp_try
[0.227s] [ 17%] Built target publisher
[0.234s] [ 21%] Built target subscriber
[0.237s] [ 21%] Built target ament_cmake_python_copy_cpp_package
[0.243s] [ 25%] Built target cpp_try2
[0.257s] [ 29%] Built target service
[0.297s] [ 36%] Built target cpp_package__rosidl_typesupport_cpp
[0.307s] [ 40%] Built target client
[0.309s] [ 46%] Built target cpp_package__rosidl_typesupport_fastrtps_cpp
[0.313s] [ 53%] Built target cpp_package__rosidl_typesupport_introspection_c
[0.316s] [ 59%] Built target cpp_package__rosidl_typesupport_c
[0.316s] [ 65%] Built target cpp_package__rosidl_typesupport_fastrtps_c
[0.320s] [ 72%] Built target cpp_package__rosidl_typesupport_introspection_cpp
[0.361s] [ 72%] Built target cpp_package
[0.392s] [35m[1mConsolidate compiler generated dependencies of target service_class[0m
[0.404s] [ 74%] Built target cpp_package__py
[0.404s] [ 76%] [32m[1mLinking CXX executable client_class[0m
[0.449s] [ 78%] [32mBuilding CXX object CMakeFiles/service_class.dir/src/service_class.cpp.o[0m
[0.457s] [ 82%] Built target cpp_package__rosidl_generator_py
[0.523s] [ 87%] Built target cpp_package__rosidl_typesupport_fastrtps_c__pyext
[0.530s] [ 91%] Built target cpp_package__rosidl_typesupport_introspection_c__pyext
[0.536s] [ 95%] Built target cpp_package__rosidl_typesupport_c__pyext
[0.618s] /usr/bin/ld: /usr/lib/gcc/x86_64-linux-gnu/11/../../../x86_64-linux-gnu/Scrt1.o: in function `_start':
[0.619s] (.text+0x1b): undefined reference to `main'
[0.623s] collect2: error: ld returned 1 exit status
[0.627s] gmake[2]: *** [CMakeFiles/client_class.dir/build.make:191: client_class] Error 1
[0.627s] gmake[1]: *** [CMakeFiles/Makefile2:792: CMakeFiles/client_class.dir/all] Error 2
[0.627s] gmake[1]: *** Waiting for unfinished jobs....
[0.930s] running egg_info
[0.932s] writing cpp_package.egg-info/PKG-INFO
[0.933s] writing dependency_links to cpp_package.egg-info/dependency_links.txt
[0.933s] writing top-level names to cpp_package.egg-info/top_level.txt
[0.940s] reading manifest file 'cpp_package.egg-info/SOURCES.txt'
[0.942s] writing manifest file 'cpp_package.egg-info/SOURCES.txt'
[1.002s] [ 95%] Built target ament_cmake_python_build_cpp_package_egg
[7.425s] [01m[K/home/tayya/cpp_pkg/src/cpp_package/src/service_class.cpp:10:139:[m[K [01;31m[Kerror: [m[Kexpected â€˜[01m[K;[m[Kâ€™ at end of member declaration
[7.426s]    10 |         void ComposeFullName(const std::shared_ptr<CapitalFullName::Request> request , std::shared_ptr<CapitalFullName::Response> response[01;31m[K)[m[K
[7.426s]       |                                                                                                                                           [01;31m[K^[m[K
[7.426s]       |                                                                                                                                            [32m[K;[m[K
[9.034s] gmake[2]: *** [CMakeFiles/service_class.dir/build.make:76: CMakeFiles/service_class.dir/src/service_class.cpp.o] Error 1
[9.034s] gmake[1]: *** [CMakeFiles/Makefile2:764: CMakeFiles/service_class.dir/all] Error 2
[9.034s] gmake: *** [Makefile:146: all] Error 2
[9.039s] Invoked command in '/home/tayya/cpp_pkg/build/cpp_package' returned '2': CMAKE_PREFIX_PATH=${CMAKE_PREFIX_PATH}:/opt/ros/humble /usr/bin/cmake --build /home/tayya/cpp_pkg/build/cpp_package -- -j8 -l8
