[0.026s] Invoking command in '/home/tayya/cpp_pkg/build/cpp_package': CMAKE_PREFIX_PATH=${CMAKE_PREFIX_PATH}:/opt/ros/humble /usr/bin/cmake --build /home/tayya/cpp_pkg/build/cpp_package -- -j8 -l8
[0.085s] -- Found ament_cmake: 1.3.11 (/opt/ros/humble/share/ament_cmake/cmake)
[0.357s] -- Found rclcpp: 16.0.11 (/opt/ros/humble/share/rclcpp/cmake)
[0.416s] -- Found rosidl_generator_c: 3.1.6 (/opt/ros/humble/share/rosidl_generator_c/cmake)
[0.421s] -- Found rosidl_adapter: 3.1.6 (/opt/ros/humble/share/rosidl_adapter/cmake)
[0.434s] -- Found rosidl_generator_cpp: 3.1.6 (/opt/ros/humble/share/rosidl_generator_cpp/cmake)
[0.453s] -- Using all available rosidl_typesupport_c: rosidl_typesupport_fastrtps_c;rosidl_typesupport_introspection_c
[0.479s] -- Using all available rosidl_typesupport_cpp: rosidl_typesupport_fastrtps_cpp;rosidl_typesupport_introspection_cpp
[0.547s] -- Found rmw_implementation_cmake: 6.1.2 (/opt/ros/humble/share/rmw_implementation_cmake/cmake)
[0.549s] -- Found rmw_fastrtps_cpp: 6.2.7 (/opt/ros/humble/share/rmw_fastrtps_cpp/cmake)
[0.753s] -- Using RMW implementation 'rmw_fastrtps_cpp' as default
[0.861s] -- Found example_interfaces: 0.9.3 (/opt/ros/humble/share/example_interfaces/cmake)
[0.943s] -- Found rosidl_default_generators: 1.2.0 (/opt/ros/humble/share/rosidl_default_generators/cmake)
[1.483s] -- Found ament_cmake_ros: 0.10.0 (/opt/ros/humble/share/ament_cmake_ros/cmake)
[2.121s] -- Using all available rosidl_typesupport_c: rosidl_typesupport_fastrtps_c;rosidl_typesupport_introspection_c
[2.379s] -- Using all available rosidl_typesupport_cpp: rosidl_typesupport_fastrtps_cpp;rosidl_typesupport_introspection_cpp
[2.427s] -- Found python_cmake_module: 0.10.0 (/opt/ros/humble/share/python_cmake_module/cmake)
[2.475s] -- Using PYTHON_EXECUTABLE: /usr/bin/python3
[2.476s] -- Using PYTHON_INCLUDE_DIRS: /usr/include/python3.10
[2.476s] -- Using PYTHON_LIBRARIES: /usr/lib/x86_64-linux-gnu/libpython3.10.so
[2.520s] -- Configuring done
[2.620s] -- Generating done
[2.677s] -- Build files have been written to: /home/tayya/cpp_pkg/build/cpp_package
[2.790s] [35m[1mConsolidate compiler generated dependencies of target cpp_package__rosidl_generator_c[0m
[2.799s] [35m[1mConsolidate compiler generated dependencies of target cpp_try2[0m
[2.800s] [35m[1mConsolidate compiler generated dependencies of target service[0m
[2.804s] [35m[1mConsolidate compiler generated dependencies of target cpp_try[0m
[2.805s] [35m[1mConsolidate compiler generated dependencies of target subscriber[0m
[2.805s] [35m[1mConsolidate compiler generated dependencies of target publisher[0m
[2.805s] [  2%] Built target cpp_package__cpp
[2.830s] [  9%] Built target cpp_package__rosidl_generator_c
[2.848s] [  9%] Built target ament_cmake_python_copy_cpp_package
[2.850s] [ 13%] Built target service
[2.866s] [ 18%] Built target subscriber
[2.867s] [35m[1mConsolidate compiler generated dependencies of target cpp_package__rosidl_typesupport_cpp[0m
[2.873s] [ 27%] Built target cpp_try2
[2.874s] [ 27%] Built target cpp_try
[2.877s] [ 32%] Built target publisher
[2.879s] [35m[1mConsolidate compiler generated dependencies of target cpp_package__rosidl_typesupport_fastrtps_c[0m
[2.884s] [ 34%] [32mBuilding CXX object CMakeFiles/custom_service.dir/src/custom_service.cpp.o[0m
[2.884s] [35m[1mConsolidate compiler generated dependencies of target cpp_package__rosidl_typesupport_fastrtps_cpp[0m
[2.896s] [35m[1mConsolidate compiler generated dependencies of target cpp_package__rosidl_typesupport_introspection_c[0m
[2.904s] [ 41%] Built target cpp_package__rosidl_typesupport_cpp
[2.905s] [35m[1mConsolidate compiler generated dependencies of target cpp_package__rosidl_typesupport_c[0m
[2.910s] [35m[1mConsolidate compiler generated dependencies of target cpp_package__rosidl_typesupport_introspection_cpp[0m
[2.922s] [ 48%] Built target cpp_package__rosidl_typesupport_fastrtps_c
[2.934s] [ 55%] Built target cpp_package__rosidl_typesupport_fastrtps_cpp
[2.935s] [ 62%] Built target cpp_package__rosidl_typesupport_introspection_c
[2.950s] [ 69%] Built target cpp_package__rosidl_typesupport_c
[2.952s] [ 76%] Built target cpp_package__rosidl_typesupport_introspection_cpp
[3.015s] [ 76%] Built target cpp_package
[3.067s] [ 79%] Built target cpp_package__py
[3.088s] [35m[1mConsolidate compiler generated dependencies of target cpp_package__rosidl_generator_py[0m
[3.113s] [ 83%] Built target cpp_package__rosidl_generator_py
[3.141s] [35m[1mConsolidate compiler generated dependencies of target cpp_package__rosidl_typesupport_fastrtps_c__pyext[0m
[3.143s] [35m[1mConsolidate compiler generated dependencies of target cpp_package__rosidl_typesupport_introspection_c__pyext[0m
[3.143s] [35m[1mConsolidate compiler generated dependencies of target cpp_package__rosidl_typesupport_c__pyext[0m
[3.178s] [ 88%] Built target cpp_package__rosidl_typesupport_fastrtps_c__pyext
[3.179s] [ 93%] Built target cpp_package__rosidl_typesupport_introspection_c__pyext
[3.180s] [ 97%] Built target cpp_package__rosidl_typesupport_c__pyext
[3.453s] [01m[K/home/tayya/cpp_pkg/src/cpp_package/src/custom_service.cpp:2:10:[m[K [01;31m[Kfatal error: [m[Kcpp_package/srv/sayname.hpp: No such file or directory
[3.453s]     2 | #include [01;31m[K"cpp_package/srv/sayname.hpp"[m[K
[3.454s]       |          [01;31m[K^~~~~~~~~~~~~~~~~~~~~~~~~~~~~[m[K
[3.454s] compilation terminated.
[3.454s] gmake[2]: *** [CMakeFiles/custom_service.dir/build.make:76: CMakeFiles/custom_service.dir/src/custom_service.cpp.o] Error 1
[3.455s] gmake[1]: *** [CMakeFiles/Makefile2:732: CMakeFiles/custom_service.dir/all] Error 2
[3.455s] gmake[1]: *** Waiting for unfinished jobs....
[3.527s] running egg_info
[3.529s] writing cpp_package.egg-info/PKG-INFO
[3.529s] writing dependency_links to cpp_package.egg-info/dependency_links.txt
[3.530s] writing top-level names to cpp_package.egg-info/top_level.txt
[3.535s] reading manifest file 'cpp_package.egg-info/SOURCES.txt'
[3.536s] writing manifest file 'cpp_package.egg-info/SOURCES.txt'
[3.589s] [ 97%] Built target ament_cmake_python_build_cpp_package_egg
[3.591s] gmake: *** [Makefile:146: all] Error 2
[3.595s] Invoked command in '/home/tayya/cpp_pkg/build/cpp_package' returned '2': CMAKE_PREFIX_PATH=${CMAKE_PREFIX_PATH}:/opt/ros/humble /usr/bin/cmake --build /home/tayya/cpp_pkg/build/cpp_package -- -j8 -l8
