[  2%] Built target cpp_package__cpp
[  8%] Built target cpp_package__rosidl_generator_c
[ 12%] Built target subscriber
[ 17%] Built target cpp_try
[ 21%] Built target cpp_try2
[ 25%] Built target service
[ 25%] Built target ament_cmake_python_copy_cpp_package
[ 29%] Built target publisher
[ 34%] Built target client
[ 40%] Built target cpp_package__rosidl_typesupport_cpp
[ 46%] Built target cpp_package__rosidl_typesupport_fastrtps_cpp
[ 53%] Built target cpp_package__rosidl_typesupport_c
[ 59%] Built target cpp_package__rosidl_typesupport_fastrtps_c
[ 65%] Built target cpp_package__rosidl_typesupport_introspection_c
[ 72%] Built target cpp_package__rosidl_typesupport_introspection_cpp
[ 72%] Built target cpp_package
[35m[1mConsolidate compiler generated dependencies of target service_class[0m
[ 74%] Built target cpp_package__py
[ 76%] [32m[1mLinking CXX executable client_class[0m
[ 78%] [32mBuilding CXX object CMakeFiles/service_class.dir/src/service_class.cpp.o[0m
[ 82%] Built target cpp_package__rosidl_generator_py
[35m[1mConsolidate compiler generated dependencies of target cpp_package__rosidl_typesupport_fastrtps_c__pyext[0m
[35m[1mConsolidate compiler generated dependencies of target cpp_package__rosidl_typesupport_introspection_c__pyext[0m
[35m[1mConsolidate compiler generated dependencies of target cpp_package__rosidl_typesupport_c__pyext[0m
[ 87%] Built target cpp_package__rosidl_typesupport_c__pyext
[ 91%] Built target cpp_package__rosidl_typesupport_introspection_c__pyext
[ 95%] Built target cpp_package__rosidl_typesupport_fastrtps_c__pyext
/usr/bin/ld: /usr/lib/gcc/x86_64-linux-gnu/11/../../../x86_64-linux-gnu/Scrt1.o: in function `_start':
(.text+0x1b): undefined reference to `main'
collect2: error: ld returned 1 exit status
gmake[2]: *** [CMakeFiles/client_class.dir/build.make:191: client_class] Error 1
gmake[1]: *** [CMakeFiles/Makefile2:792: CMakeFiles/client_class.dir/all] Error 2
gmake[1]: *** Waiting for unfinished jobs....
running egg_info
writing cpp_package.egg-info/PKG-INFO
writing dependency_links to cpp_package.egg-info/dependency_links.txt
writing top-level names to cpp_package.egg-info/top_level.txt
reading manifest file 'cpp_package.egg-info/SOURCES.txt'
writing manifest file 'cpp_package.egg-info/SOURCES.txt'
[ 95%] Built target ament_cmake_python_build_cpp_package_egg
[01m[K/home/tayya/cpp_pkg/src/cpp_package/src/service_class.cpp:10:52:[m[K [01;31m[Kerror: [m[Kâ€˜[01m[KCapitalFullName[m[Kâ€™ was not declared in this scope; did you mean â€˜[01m[Kcpp_package::srv::CapitalFullName[m[Kâ€™?
   10 |         void ComposeFullName(const std::shared_ptr<[01;31m[KCapitalFullName[m[K::Request> request , std::shared_ptr<CapitalFullName::Response> response)
      |                                                    [01;31m[K^~~~~~~~~~~~~~~[m[K
      |                                                    [32m[Kcpp_package::srv::CapitalFullName[m[K
In file included from [01m[K/home/tayya/cpp_pkg/build/cpp_package/rosidl_generator_cpp/cpp_package/srv/capital_full_name.hpp:7[m[K,
                 from [01m[K/home/tayya/cpp_pkg/src/cpp_package/src/service_class.cpp:2[m[K:
[01m[K/home/tayya/cpp_pkg/build/cpp_package/rosidl_generator_cpp/cpp_package/srv/detail/capital_full_name__struct.hpp:266:8:[m[K [01;36m[Knote: [m[Kâ€˜[01m[Kcpp_package::srv::CapitalFullName[m[Kâ€™ declared here
  266 | struct [01;36m[KCapitalFullName[m[K
      |        [01;36m[K^~~~~~~~~~~~~~~[m[K
[01m[K/home/tayya/cpp_pkg/src/cpp_package/src/service_class.cpp:10:76:[m[K [01;31m[Kerror: [m[Ktemplate argument 1 is invalid
   10 |         void ComposeFullName(const std::shared_ptr<CapitalFullName::Request[01;31m[K>[m[K request , std::shared_ptr<CapitalFullName::Response> response)
      |                                                                            [01;31m[K^[m[K
[01m[K/home/tayya/cpp_pkg/src/cpp_package/src/service_class.cpp:10:52:[m[K [01;31m[Kerror: [m[Kâ€˜[01m[KCapitalFullName[m[Kâ€™ was not declared in this scope; did you mean â€˜[01m[Kcpp_package::srv::CapitalFullName[m[Kâ€™?
   10 |         void ComposeFullName(const std::shared_ptr<[01;31m[KCapitalFullName[m[K::Request> request , std::shared_ptr<CapitalFullName::Response> response)
      |                                                    [01;31m[K^~~~~~~~~~~~~~~[m[K
      |                                                    [32m[Kcpp_package::srv::CapitalFullName[m[K
In file included from [01m[K/home/tayya/cpp_pkg/build/cpp_package/rosidl_generator_cpp/cpp_package/srv/capital_full_name.hpp:7[m[K,
                 from [01m[K/home/tayya/cpp_pkg/src/cpp_package/src/service_class.cpp:2[m[K:
[01m[K/home/tayya/cpp_pkg/build/cpp_package/rosidl_generator_cpp/cpp_package/srv/detail/capital_full_name__struct.hpp:266:8:[m[K [01;36m[Knote: [m[Kâ€˜[01m[Kcpp_package::srv::CapitalFullName[m[Kâ€™ declared here
  266 | struct [01;36m[KCapitalFullName[m[K
      |        [01;36m[K^~~~~~~~~~~~~~~[m[K
[01m[K/home/tayya/cpp_pkg/src/cpp_package/src/service_class.cpp:10:76:[m[K [01;31m[Kerror: [m[Ktemplate argument 1 is invalid
   10 |         void ComposeFullName(const std::shared_ptr<CapitalFullName::Request[01;31m[K>[m[K request , std::shared_ptr<CapitalFullName::Response> response)
      |                                                                            [01;31m[K^[m[K
[01m[K/home/tayya/cpp_pkg/src/cpp_package/src/service_class.cpp:10:52:[m[K [01;31m[Kerror: [m[Kâ€˜[01m[KCapitalFullName[m[Kâ€™ was not declared in this scope; did you mean â€˜[01m[Kcpp_package::srv::CapitalFullName[m[Kâ€™?
   10 |         void ComposeFullName(const std::shared_ptr<[01;31m[KCapitalFullName[m[K::Request> request , std::shared_ptr<CapitalFullName::Response> response)
      |                                                    [01;31m[K^~~~~~~~~~~~~~~[m[K
      |                                                    [32m[Kcpp_package::srv::CapitalFullName[m[K
In file included from [01m[K/home/tayya/cpp_pkg/build/cpp_package/rosidl_generator_cpp/cpp_package/srv/capital_full_name.hpp:7[m[K,
                 from [01m[K/home/tayya/cpp_pkg/src/cpp_package/src/service_class.cpp:2[m[K:
[01m[K/home/tayya/cpp_pkg/build/cpp_package/rosidl_generator_cpp/cpp_package/srv/detail/capital_full_name__struct.hpp:266:8:[m[K [01;36m[Knote: [m[Kâ€˜[01m[Kcpp_package::srv::CapitalFullName[m[Kâ€™ declared here
  266 | struct [01;36m[KCapitalFullName[m[K
      |        [01;36m[K^~~~~~~~~~~~~~~[m[K
[01m[K/home/tayya/cpp_pkg/src/cpp_package/src/service_class.cpp:10:76:[m[K [01;31m[Kerror: [m[Ktemplate argument 1 is invalid
   10 |         void ComposeFullName(const std::shared_ptr<CapitalFullName::Request[01;31m[K>[m[K request , std::shared_ptr<CapitalFullName::Response> response)
      |                                                                            [01;31m[K^[m[K
[01m[K/home/tayya/cpp_pkg/src/cpp_package/src/service_class.cpp:10:36:[m[K [01;31m[Kerror: [m[Kinvalid template-id
   10 |         void ComposeFullName(const [01;31m[Kstd[m[K::shared_ptr<CapitalFullName::Request> request , std::shared_ptr<CapitalFullName::Response> response)
      |                                    [01;31m[K^~~[m[K
[01m[K/home/tayya/cpp_pkg/src/cpp_package/src/service_class.cpp:10:52:[m[K [01;31m[Kerror: [m[Kâ€˜[01m[KCapitalFullName[m[Kâ€™ has not been declared
   10 |         void ComposeFullName(const std::shared_ptr<[01;31m[KCapitalFullName[m[K::Request> request , std::shared_ptr<CapitalFullName::Response> response)
      |                                                    [01;31m[K^~~~~~~~~~~~~~~[m[K
[01m[K/home/tayya/cpp_pkg/src/cpp_package/src/service_class.cpp:10:30:[m[K [01;31m[Kerror: [m[Kclass template placeholder â€˜[01m[Kstd::shared_ptr[m[Kâ€™ not permitted in this context
   10 |         void ComposeFullName([01;31m[Kconst[m[K std::shared_ptr<CapitalFullName::Request> request , std::shared_ptr<CapitalFullName::Response> response)
      |                              [01;31m[K^~~~~[m[K
[01m[K/home/tayya/cpp_pkg/src/cpp_package/src/service_class.cpp:10:104:[m[K [01;31m[Kerror: [m[Kâ€˜[01m[KCapitalFullName[m[Kâ€™ was not declared in this scope; did you mean â€˜[01m[Kcpp_package::srv::CapitalFullName[m[Kâ€™?
   10 |         void ComposeFullName(const std::shared_ptr<CapitalFullName::Request> request , std::shared_ptr<[01;31m[KCapitalFullName[m[K::Response> response)
      |                                                                                                        [01;31m[K^~~~~~~~~~~~~~~[m[K
      |                                                                                                        [32m[Kcpp_package::srv::CapitalFullName[m[K
In file included from [01m[K/home/tayya/cpp_pkg/build/cpp_package/rosidl_generator_cpp/cpp_package/srv/capital_full_name.hpp:7[m[K,
                 from [01m[K/home/tayya/cpp_pkg/src/cpp_package/src/service_class.cpp:2[m[K:
[01m[K/home/tayya/cpp_pkg/build/cpp_package/rosidl_generator_cpp/cpp_package/srv/detail/capital_full_name__struct.hpp:266:8:[m[K [01;36m[Knote: [m[Kâ€˜[01m[Kcpp_package::srv::CapitalFullName[m[Kâ€™ declared here
  266 | struct [01;36m[KCapitalFullName[m[K
      |        [01;36m[K^~~~~~~~~~~~~~~[m[K
[01m[K/home/tayya/cpp_pkg/src/cpp_package/src/service_class.cpp:10:129:[m[K [01;31m[Kerror: [m[Ktemplate argument 1 is invalid
   10 |         void ComposeFullName(const std::shared_ptr<CapitalFullName::Request> request , std::shared_ptr<CapitalFullName::Response[01;31m[K>[m[K response)
      |                                                                                                                                 [01;31m[K^[m[K
[01m[K/home/tayya/cpp_pkg/src/cpp_package/src/service_class.cpp:10:104:[m[K [01;31m[Kerror: [m[Kâ€˜[01m[KCapitalFullName[m[Kâ€™ was not declared in this scope; did you mean â€˜[01m[Kcpp_package::srv::CapitalFullName[m[Kâ€™?
   10 |         void ComposeFullName(const std::shared_ptr<CapitalFullName::Request> request , std::shared_ptr<[01;31m[KCapitalFullName[m[K::Response> response)
      |                                                                                                        [01;31m[K^~~~~~~~~~~~~~~[m[K
      |                                                                                                        [32m[Kcpp_package::srv::CapitalFullName[m[K
In file included from [01m[K/home/tayya/cpp_pkg/build/cpp_package/rosidl_generator_cpp/cpp_package/srv/capital_full_name.hpp:7[m[K,
                 from [01m[K/home/tayya/cpp_pkg/src/cpp_package/src/service_class.cpp:2[m[K:
[01m[K/home/tayya/cpp_pkg/build/cpp_package/rosidl_generator_cpp/cpp_package/srv/detail/capital_full_name__struct.hpp:266:8:[m[K [01;36m[Knote: [m[Kâ€˜[01m[Kcpp_package::srv::CapitalFullName[m[Kâ€™ declared here
  266 | struct [01;36m[KCapitalFullName[m[K
      |        [01;36m[K^~~~~~~~~~~~~~~[m[K
[01m[K/home/tayya/cpp_pkg/src/cpp_package/src/service_class.cpp:10:129:[m[K [01;31m[Kerror: [m[Ktemplate argument 1 is invalid
   10 |         void ComposeFullName(const std::shared_ptr<CapitalFullName::Request> request , std::shared_ptr<CapitalFullName::Response[01;31m[K>[m[K response)
      |                                                                                                                                 [01;31m[K^[m[K
[01m[K/home/tayya/cpp_pkg/src/cpp_package/src/service_class.cpp:10:104:[m[K [01;31m[Kerror: [m[Kâ€˜[01m[KCapitalFullName[m[Kâ€™ was not declared in this scope; did you mean â€˜[01m[Kcpp_package::srv::CapitalFullName[m[Kâ€™?
   10 |         void ComposeFullName(const std::shared_ptr<CapitalFullName::Request> request , std::shared_ptr<[01;31m[KCapitalFullName[m[K::Response> response)
      |                                                                                                        [01;31m[K^~~~~~~~~~~~~~~[m[K
      |                                                                                                        [32m[Kcpp_package::srv::CapitalFullName[m[K
In file included from [01m[K/home/tayya/cpp_pkg/build/cpp_package/rosidl_generator_cpp/cpp_package/srv/capital_full_name.hpp:7[m[K,
                 from [01m[K/home/tayya/cpp_pkg/src/cpp_package/src/service_class.cpp:2[m[K:
[01m[K/home/tayya/cpp_pkg/build/cpp_package/rosidl_generator_cpp/cpp_package/srv/detail/capital_full_name__struct.hpp:266:8:[m[K [01;36m[Knote: [m[Kâ€˜[01m[Kcpp_package::srv::CapitalFullName[m[Kâ€™ declared here
  266 | struct [01;36m[KCapitalFullName[m[K
      |        [01;36m[K^~~~~~~~~~~~~~~[m[K
[01m[K/home/tayya/cpp_pkg/src/cpp_package/src/service_class.cpp:10:129:[m[K [01;31m[Kerror: [m[Ktemplate argument 1 is invalid
   10 |         void ComposeFullName(const std::shared_ptr<CapitalFullName::Request> request , std::shared_ptr<CapitalFullName::Response[01;31m[K>[m[K response)
      |                                                                                                                                 [01;31m[K^[m[K
[01m[K/home/tayya/cpp_pkg/src/cpp_package/src/service_class.cpp:10:88:[m[K [01;31m[Kerror: [m[Kinvalid template-id
   10 |         void ComposeFullName(const std::shared_ptr<CapitalFullName::Request> request , [01;31m[Kstd[m[K::shared_ptr<CapitalFullName::Response> response)
      |                                                                                        [01;31m[K^~~[m[K
[01m[K/home/tayya/cpp_pkg/src/cpp_package/src/service_class.cpp:10:104:[m[K [01;31m[Kerror: [m[Kâ€˜[01m[KCapitalFullName[m[Kâ€™ has not been declared
   10 |         void ComposeFullName(const std::shared_ptr<CapitalFullName::Request> request , std::shared_ptr<[01;31m[KCapitalFullName[m[K::Response> response)
      |                                                                                                        [01;31m[K^~~~~~~~~~~~~~~[m[K
[01m[K/home/tayya/cpp_pkg/src/cpp_package/src/service_class.cpp:10:88:[m[K [01;31m[Kerror: [m[Kclass template placeholder â€˜[01m[Kstd::shared_ptr[m[Kâ€™ not permitted in this context
   10 |         void ComposeFullName(const std::shared_ptr<CapitalFullName::Request> request , [01;31m[Kstd[m[K::shared_ptr<CapitalFullName::Response> response)
      |                                                                                        [01;31m[K^~~[m[K
[01m[K/home/tayya/cpp_pkg/src/cpp_package/src/service_class.cpp:10:139:[m[K [01;31m[Kerror: [m[Kexpected â€˜[01m[K;[m[Kâ€™ at end of member declaration
   10 |         void ComposeFullName(const std::shared_ptr<CapitalFullName::Request> request , std::shared_ptr<CapitalFullName::Response> response[01;31m[K)[m[K
      |                                                                                                                                           [01;31m[K^[m[K
      |                                                                                                                                            [32m[K;[m[K
[01m[K/home/tayya/cpp_pkg/src/cpp_package/src/service_class.cpp:11:2:[m[K [01;31m[Kerror: [m[Kexpected â€˜[01m[K;[m[Kâ€™ after class definition
   11 | }
      |  [01;31m[K^[m[K
      |  [32m[K;[m[K
[01m[K/home/tayya/cpp_pkg/src/cpp_package/src/service_class.cpp:5:25:[m[K [01;31m[Kerror: [m[Ktwo or more data types in declaration of â€˜[01m[Ktype name[m[Kâ€™
    5 | using CapitalFullName = [01;31m[Kcpp_package[m[K::srv::CapitalFullName
      |                         [01;31m[K^~~~~~~~~~~[m[K
gmake[2]: *** [CMakeFiles/service_class.dir/build.make:76: CMakeFiles/service_class.dir/src/service_class.cpp.o] Error 1
gmake[1]: *** [CMakeFiles/Makefile2:764: CMakeFiles/service_class.dir/all] Error 2
gmake: *** [Makefile:146: all] Error 2
