[0.036s] Invoking command in '/home/tayya/cpp_pkg/build/cpp_package': CMAKE_PREFIX_PATH=${CMAKE_PREFIX_PATH}:/opt/ros/humble /usr/bin/cmake --build /home/tayya/cpp_pkg/build/cpp_package -- -j8 -l8
[0.196s] [  2%] Built target cpp_package__cpp
[0.202s] [  8%] Built target cpp_package__rosidl_generator_c
[0.219s] [ 12%] Built target subscriber
[0.226s] [ 17%] Built target cpp_try
[0.230s] [ 21%] Built target cpp_try2
[0.233s] [ 25%] Built target service
[0.248s] [ 25%] Built target ament_cmake_python_copy_cpp_package
[0.255s] [ 29%] Built target publisher
[0.288s] [ 34%] Built target client
[0.300s] [ 40%] Built target cpp_package__rosidl_typesupport_cpp
[0.318s] [ 46%] Built target cpp_package__rosidl_typesupport_fastrtps_cpp
[0.318s] [ 53%] Built target cpp_package__rosidl_typesupport_c
[0.320s] [ 59%] Built target cpp_package__rosidl_typesupport_fastrtps_c
[0.321s] [ 65%] Built target cpp_package__rosidl_typesupport_introspection_c
[0.332s] [ 72%] Built target cpp_package__rosidl_typesupport_introspection_cpp
[0.375s] [ 72%] Built target cpp_package
[0.402s] [35m[1mConsolidate compiler generated dependencies of target service_class[0m
[0.429s] [ 74%] Built target cpp_package__py
[0.431s] [ 76%] [32m[1mLinking CXX executable client_class[0m
[0.453s] [ 78%] [32mBuilding CXX object CMakeFiles/service_class.dir/src/service_class.cpp.o[0m
[0.482s] [ 82%] Built target cpp_package__rosidl_generator_py
[0.510s] [35m[1mConsolidate compiler generated dependencies of target cpp_package__rosidl_typesupport_fastrtps_c__pyext[0m
[0.522s] [35m[1mConsolidate compiler generated dependencies of target cpp_package__rosidl_typesupport_introspection_c__pyext[0m
[0.522s] [35m[1mConsolidate compiler generated dependencies of target cpp_package__rosidl_typesupport_c__pyext[0m
[0.577s] [ 87%] Built target cpp_package__rosidl_typesupport_c__pyext
[0.591s] [ 91%] Built target cpp_package__rosidl_typesupport_introspection_c__pyext
[0.601s] [ 95%] Built target cpp_package__rosidl_typesupport_fastrtps_c__pyext
[0.673s] /usr/bin/ld: /usr/lib/gcc/x86_64-linux-gnu/11/../../../x86_64-linux-gnu/Scrt1.o: in function `_start':
[0.676s] (.text+0x1b): undefined reference to `main'
[0.680s] collect2: error: ld returned 1 exit status
[0.684s] gmake[2]: *** [CMakeFiles/client_class.dir/build.make:191: client_class] Error 1
[0.685s] gmake[1]: *** [CMakeFiles/Makefile2:792: CMakeFiles/client_class.dir/all] Error 2
[0.685s] gmake[1]: *** Waiting for unfinished jobs....
[1.035s] running egg_info
[1.037s] writing cpp_package.egg-info/PKG-INFO
[1.037s] writing dependency_links to cpp_package.egg-info/dependency_links.txt
[1.037s] writing top-level names to cpp_package.egg-info/top_level.txt
[1.043s] reading manifest file 'cpp_package.egg-info/SOURCES.txt'
[1.044s] writing manifest file 'cpp_package.egg-info/SOURCES.txt'
[1.111s] [ 95%] Built target ament_cmake_python_build_cpp_package_egg
[7.465s] [01m[K/home/tayya/cpp_pkg/src/cpp_package/src/service_class.cpp:10:52:[m[K [01;31m[Kerror: [m[Kâ€˜[01m[KCapitalFullName[m[Kâ€™ was not declared in this scope; did you mean â€˜[01m[Kcpp_package::srv::CapitalFullName[m[Kâ€™?
[7.465s]    10 |         void ComposeFullName(const std::shared_ptr<[01;31m[KCapitalFullName[m[K::Request> request , std::shared_ptr<CapitalFullName::Response> response)
[7.465s]       |                                                    [01;31m[K^~~~~~~~~~~~~~~[m[K
[7.466s]       |                                                    [32m[Kcpp_package::srv::CapitalFullName[m[K
[7.466s] In file included from [01m[K/home/tayya/cpp_pkg/build/cpp_package/rosidl_generator_cpp/cpp_package/srv/capital_full_name.hpp:7[m[K,
[7.466s]                  from [01m[K/home/tayya/cpp_pkg/src/cpp_package/src/service_class.cpp:2[m[K:
[7.466s] [01m[K/home/tayya/cpp_pkg/build/cpp_package/rosidl_generator_cpp/cpp_package/srv/detail/capital_full_name__struct.hpp:266:8:[m[K [01;36m[Knote: [m[Kâ€˜[01m[Kcpp_package::srv::CapitalFullName[m[Kâ€™ declared here
[7.467s]   266 | struct [01;36m[KCapitalFullName[m[K
[7.467s]       |        [01;36m[K^~~~~~~~~~~~~~~[m[K
[7.467s] [01m[K/home/tayya/cpp_pkg/src/cpp_package/src/service_class.cpp:10:76:[m[K [01;31m[Kerror: [m[Ktemplate argument 1 is invalid
[7.467s]    10 |         void ComposeFullName(const std::shared_ptr<CapitalFullName::Request[01;31m[K>[m[K request , std::shared_ptr<CapitalFullName::Response> response)
[7.467s]       |                                                                            [01;31m[K^[m[K
[7.467s] [01m[K/home/tayya/cpp_pkg/src/cpp_package/src/service_class.cpp:10:52:[m[K [01;31m[Kerror: [m[Kâ€˜[01m[KCapitalFullName[m[Kâ€™ was not declared in this scope; did you mean â€˜[01m[Kcpp_package::srv::CapitalFullName[m[Kâ€™?
[7.468s]    10 |         void ComposeFullName(const std::shared_ptr<[01;31m[KCapitalFullName[m[K::Request> request , std::shared_ptr<CapitalFullName::Response> response)
[7.468s]       |                                                    [01;31m[K^~~~~~~~~~~~~~~[m[K
[7.468s]       |                                                    [32m[Kcpp_package::srv::CapitalFullName[m[K
[7.468s] In file included from [01m[K/home/tayya/cpp_pkg/build/cpp_package/rosidl_generator_cpp/cpp_package/srv/capital_full_name.hpp:7[m[K,
[7.469s]                  from [01m[K/home/tayya/cpp_pkg/src/cpp_package/src/service_class.cpp:2[m[K:
[7.469s] [01m[K/home/tayya/cpp_pkg/build/cpp_package/rosidl_generator_cpp/cpp_package/srv/detail/capital_full_name__struct.hpp:266:8:[m[K [01;36m[Knote: [m[Kâ€˜[01m[Kcpp_package::srv::CapitalFullName[m[Kâ€™ declared here
[7.469s]   266 | struct [01;36m[KCapitalFullName[m[K
[7.469s]       |        [01;36m[K^~~~~~~~~~~~~~~[m[K
[7.469s] [01m[K/home/tayya/cpp_pkg/src/cpp_package/src/service_class.cpp:10:76:[m[K [01;31m[Kerror: [m[Ktemplate argument 1 is invalid
[7.470s]    10 |         void ComposeFullName(const std::shared_ptr<CapitalFullName::Request[01;31m[K>[m[K request , std::shared_ptr<CapitalFullName::Response> response)
[7.470s]       |                                                                            [01;31m[K^[m[K
[7.470s] [01m[K/home/tayya/cpp_pkg/src/cpp_package/src/service_class.cpp:10:52:[m[K [01;31m[Kerror: [m[Kâ€˜[01m[KCapitalFullName[m[Kâ€™ was not declared in this scope; did you mean â€˜[01m[Kcpp_package::srv::CapitalFullName[m[Kâ€™?
[7.470s]    10 |         void ComposeFullName(const std::shared_ptr<[01;31m[KCapitalFullName[m[K::Request> request , std::shared_ptr<CapitalFullName::Response> response)
[7.470s]       |                                                    [01;31m[K^~~~~~~~~~~~~~~[m[K
[7.471s]       |                                                    [32m[Kcpp_package::srv::CapitalFullName[m[K
[7.471s] In file included from [01m[K/home/tayya/cpp_pkg/build/cpp_package/rosidl_generator_cpp/cpp_package/srv/capital_full_name.hpp:7[m[K,
[7.471s]                  from [01m[K/home/tayya/cpp_pkg/src/cpp_package/src/service_class.cpp:2[m[K:
[7.471s] [01m[K/home/tayya/cpp_pkg/build/cpp_package/rosidl_generator_cpp/cpp_package/srv/detail/capital_full_name__struct.hpp:266:8:[m[K [01;36m[Knote: [m[Kâ€˜[01m[Kcpp_package::srv::CapitalFullName[m[Kâ€™ declared here
[7.471s]   266 | struct [01;36m[KCapitalFullName[m[K
[7.472s]       |        [01;36m[K^~~~~~~~~~~~~~~[m[K
[7.472s] [01m[K/home/tayya/cpp_pkg/src/cpp_package/src/service_class.cpp:10:76:[m[K [01;31m[Kerror: [m[Ktemplate argument 1 is invalid
[7.472s]    10 |         void ComposeFullName(const std::shared_ptr<CapitalFullName::Request[01;31m[K>[m[K request , std::shared_ptr<CapitalFullName::Response> response)
[7.472s]       |                                                                            [01;31m[K^[m[K
[7.473s] [01m[K/home/tayya/cpp_pkg/src/cpp_package/src/service_class.cpp:10:36:[m[K [01;31m[Kerror: [m[Kinvalid template-id
[7.473s]    10 |         void ComposeFullName(const [01;31m[Kstd[m[K::shared_ptr<CapitalFullName::Request> request , std::shared_ptr<CapitalFullName::Response> response)
[7.473s]       |                                    [01;31m[K^~~[m[K
[7.473s] [01m[K/home/tayya/cpp_pkg/src/cpp_package/src/service_class.cpp:10:52:[m[K [01;31m[Kerror: [m[Kâ€˜[01m[KCapitalFullName[m[Kâ€™ has not been declared
[7.473s]    10 |         void ComposeFullName(const std::shared_ptr<[01;31m[KCapitalFullName[m[K::Request> request , std::shared_ptr<CapitalFullName::Response> response)
[7.473s]       |                                                    [01;31m[K^~~~~~~~~~~~~~~[m[K
[7.474s] [01m[K/home/tayya/cpp_pkg/src/cpp_package/src/service_class.cpp:10:30:[m[K [01;31m[Kerror: [m[Kclass template placeholder â€˜[01m[Kstd::shared_ptr[m[Kâ€™ not permitted in this context
[7.474s]    10 |         void ComposeFullName([01;31m[Kconst[m[K std::shared_ptr<CapitalFullName::Request> request , std::shared_ptr<CapitalFullName::Response> response)
[7.474s]       |                              [01;31m[K^~~~~[m[K
[7.474s] [01m[K/home/tayya/cpp_pkg/src/cpp_package/src/service_class.cpp:10:104:[m[K [01;31m[Kerror: [m[Kâ€˜[01m[KCapitalFullName[m[Kâ€™ was not declared in this scope; did you mean â€˜[01m[Kcpp_package::srv::CapitalFullName[m[Kâ€™?
[7.474s]    10 |         void ComposeFullName(const std::shared_ptr<CapitalFullName::Request> request , std::shared_ptr<[01;31m[KCapitalFullName[m[K::Response> response)
[7.474s]       |                                                                                                        [01;31m[K^~~~~~~~~~~~~~~[m[K
[7.474s]       |                                                                                                        [32m[Kcpp_package::srv::CapitalFullName[m[K
[7.475s] In file included from [01m[K/home/tayya/cpp_pkg/build/cpp_package/rosidl_generator_cpp/cpp_package/srv/capital_full_name.hpp:7[m[K,
[7.475s]                  from [01m[K/home/tayya/cpp_pkg/src/cpp_package/src/service_class.cpp:2[m[K:
[7.475s] [01m[K/home/tayya/cpp_pkg/build/cpp_package/rosidl_generator_cpp/cpp_package/srv/detail/capital_full_name__struct.hpp:266:8:[m[K [01;36m[Knote: [m[Kâ€˜[01m[Kcpp_package::srv::CapitalFullName[m[Kâ€™ declared here
[7.475s]   266 | struct [01;36m[KCapitalFullName[m[K
[7.475s]       |        [01;36m[K^~~~~~~~~~~~~~~[m[K
[7.476s] [01m[K/home/tayya/cpp_pkg/src/cpp_package/src/service_class.cpp:10:129:[m[K [01;31m[Kerror: [m[Ktemplate argument 1 is invalid
[7.476s]    10 |         void ComposeFullName(const std::shared_ptr<CapitalFullName::Request> request , std::shared_ptr<CapitalFullName::Response[01;31m[K>[m[K response)
[7.476s]       |                                                                                                                                 [01;31m[K^[m[K
[7.477s] [01m[K/home/tayya/cpp_pkg/src/cpp_package/src/service_class.cpp:10:104:[m[K [01;31m[Kerror: [m[Kâ€˜[01m[KCapitalFullName[m[Kâ€™ was not declared in this scope; did you mean â€˜[01m[Kcpp_package::srv::CapitalFullName[m[Kâ€™?
[7.477s]    10 |         void ComposeFullName(const std::shared_ptr<CapitalFullName::Request> request , std::shared_ptr<[01;31m[KCapitalFullName[m[K::Response> response)
[7.477s]       |                                                                                                        [01;31m[K^~~~~~~~~~~~~~~[m[K
[7.477s]       |                                                                                                        [32m[Kcpp_package::srv::CapitalFullName[m[K
[7.477s] In file included from [01m[K/home/tayya/cpp_pkg/build/cpp_package/rosidl_generator_cpp/cpp_package/srv/capital_full_name.hpp:7[m[K,
[7.478s]                  from [01m[K/home/tayya/cpp_pkg/src/cpp_package/src/service_class.cpp:2[m[K:
[7.478s] [01m[K/home/tayya/cpp_pkg/build/cpp_package/rosidl_generator_cpp/cpp_package/srv/detail/capital_full_name__struct.hpp:266:8:[m[K [01;36m[Knote: [m[Kâ€˜[01m[Kcpp_package::srv::CapitalFullName[m[Kâ€™ declared here
[7.478s]   266 | struct [01;36m[KCapitalFullName[m[K
[7.478s]       |        [01;36m[K^~~~~~~~~~~~~~~[m[K
[7.478s] [01m[K/home/tayya/cpp_pkg/src/cpp_package/src/service_class.cpp:10:129:[m[K [01;31m[Kerror: [m[Ktemplate argument 1 is invalid
[7.478s]    10 |         void ComposeFullName(const std::shared_ptr<CapitalFullName::Request> request , std::shared_ptr<CapitalFullName::Response[01;31m[K>[m[K response)
[7.479s]       |                                                                                                                                 [01;31m[K^[m[K
[7.479s] [01m[K/home/tayya/cpp_pkg/src/cpp_package/src/service_class.cpp:10:104:[m[K [01;31m[Kerror: [m[Kâ€˜[01m[KCapitalFullName[m[Kâ€™ was not declared in this scope; did you mean â€˜[01m[Kcpp_package::srv::CapitalFullName[m[Kâ€™?
[7.479s]    10 |         void ComposeFullName(const std::shared_ptr<CapitalFullName::Request> request , std::shared_ptr<[01;31m[KCapitalFullName[m[K::Response> response)
[7.479s]       |                                                                                                        [01;31m[K^~~~~~~~~~~~~~~[m[K
[7.479s]       |                                                                                                        [32m[Kcpp_package::srv::CapitalFullName[m[K
[7.479s] In file included from [01m[K/home/tayya/cpp_pkg/build/cpp_package/rosidl_generator_cpp/cpp_package/srv/capital_full_name.hpp:7[m[K,
[7.479s]                  from [01m[K/home/tayya/cpp_pkg/src/cpp_package/src/service_class.cpp:2[m[K:
[7.480s] [01m[K/home/tayya/cpp_pkg/build/cpp_package/rosidl_generator_cpp/cpp_package/srv/detail/capital_full_name__struct.hpp:266:8:[m[K [01;36m[Knote: [m[Kâ€˜[01m[Kcpp_package::srv::CapitalFullName[m[Kâ€™ declared here
[7.480s]   266 | struct [01;36m[KCapitalFullName[m[K
[7.480s]       |        [01;36m[K^~~~~~~~~~~~~~~[m[K
[7.480s] [01m[K/home/tayya/cpp_pkg/src/cpp_package/src/service_class.cpp:10:129:[m[K [01;31m[Kerror: [m[Ktemplate argument 1 is invalid
[7.480s]    10 |         void ComposeFullName(const std::shared_ptr<CapitalFullName::Request> request , std::shared_ptr<CapitalFullName::Response[01;31m[K>[m[K response)
[7.480s]       |                                                                                                                                 [01;31m[K^[m[K
[7.480s] [01m[K/home/tayya/cpp_pkg/src/cpp_package/src/service_class.cpp:10:88:[m[K [01;31m[Kerror: [m[Kinvalid template-id
[7.481s]    10 |         void ComposeFullName(const std::shared_ptr<CapitalFullName::Request> request , [01;31m[Kstd[m[K::shared_ptr<CapitalFullName::Response> response)
[7.481s]       |                                                                                        [01;31m[K^~~[m[K
[7.481s] [01m[K/home/tayya/cpp_pkg/src/cpp_package/src/service_class.cpp:10:104:[m[K [01;31m[Kerror: [m[Kâ€˜[01m[KCapitalFullName[m[Kâ€™ has not been declared
[7.481s]    10 |         void ComposeFullName(const std::shared_ptr<CapitalFullName::Request> request , std::shared_ptr<[01;31m[KCapitalFullName[m[K::Response> response)
[7.481s]       |                                                                                                        [01;31m[K^~~~~~~~~~~~~~~[m[K
[7.481s] [01m[K/home/tayya/cpp_pkg/src/cpp_package/src/service_class.cpp:10:88:[m[K [01;31m[Kerror: [m[Kclass template placeholder â€˜[01m[Kstd::shared_ptr[m[Kâ€™ not permitted in this context
[7.481s]    10 |         void ComposeFullName(const std::shared_ptr<CapitalFullName::Request> request , [01;31m[Kstd[m[K::shared_ptr<CapitalFullName::Response> response)
[7.482s]       |                                                                                        [01;31m[K^~~[m[K
[7.482s] [01m[K/home/tayya/cpp_pkg/src/cpp_package/src/service_class.cpp:10:139:[m[K [01;31m[Kerror: [m[Kexpected â€˜[01m[K;[m[Kâ€™ at end of member declaration
[7.482s]    10 |         void ComposeFullName(const std::shared_ptr<CapitalFullName::Request> request , std::shared_ptr<CapitalFullName::Response> response[01;31m[K)[m[K
[7.482s]       |                                                                                                                                           [01;31m[K^[m[K
[7.482s]       |                                                                                                                                            [32m[K;[m[K
[7.482s] [01m[K/home/tayya/cpp_pkg/src/cpp_package/src/service_class.cpp:11:2:[m[K [01;31m[Kerror: [m[Kexpected â€˜[01m[K;[m[Kâ€™ after class definition
[7.482s]    11 | }
[7.483s]       |  [01;31m[K^[m[K
[7.483s]       |  [32m[K;[m[K
[7.483s] [01m[K/home/tayya/cpp_pkg/src/cpp_package/src/service_class.cpp:5:25:[m[K [01;31m[Kerror: [m[Ktwo or more data types in declaration of â€˜[01m[Ktype name[m[Kâ€™
[7.483s]     5 | using CapitalFullName = [01;31m[Kcpp_package[m[K::srv::CapitalFullName
[7.483s]       |                         [01;31m[K^~~~~~~~~~~[m[K
[9.136s] gmake[2]: *** [CMakeFiles/service_class.dir/build.make:76: CMakeFiles/service_class.dir/src/service_class.cpp.o] Error 1
[9.136s] gmake[1]: *** [CMakeFiles/Makefile2:764: CMakeFiles/service_class.dir/all] Error 2
[9.136s] gmake: *** [Makefile:146: all] Error 2
[9.141s] Invoked command in '/home/tayya/cpp_pkg/build/cpp_package' returned '2': CMAKE_PREFIX_PATH=${CMAKE_PREFIX_PATH}:/opt/ros/humble /usr/bin/cmake --build /home/tayya/cpp_pkg/build/cpp_package -- -j8 -l8
