[0.042s] Invoking command in '/home/tayya/cpp_pkg/build/cpp_package': CMAKE_PREFIX_PATH=${CMAKE_PREFIX_PATH}:/opt/ros/humble /usr/bin/cmake --build /home/tayya/cpp_pkg/build/cpp_package -- -j8 -l8
[0.181s] [35m[1mConsolidate compiler generated dependencies of target cpp_try2[0m
[0.181s] [35m[1mConsolidate compiler generated dependencies of target subscriber[0m
[0.181s] [35m[1mConsolidate compiler generated dependencies of target publisher[0m
[0.206s] [  2%] Built target cpp_package__cpp
[0.223s] [  8%] Built target cpp_package__rosidl_generator_c
[0.237s] [ 12%] Built target cpp_try
[0.242s] [ 17%] Built target service
[0.249s] [ 17%] Built target ament_cmake_python_copy_cpp_package
[0.254s] [ 21%] Built target cpp_try2
[0.256s] [ 25%] Built target publisher
[0.258s] [ 27%] [32mBuilding CXX object CMakeFiles/subscriber.dir/src/subscriber.cpp.o[0m
[0.314s] [ 31%] Built target client
[0.340s] [ 38%] Built target cpp_package__rosidl_typesupport_cpp
[0.342s] [ 44%] Built target cpp_package__rosidl_typesupport_fastrtps_c
[0.350s] [ 51%] Built target cpp_package__rosidl_typesupport_introspection_c
[0.357s] [ 57%] Built target cpp_package__rosidl_typesupport_fastrtps_cpp
[0.382s] [ 63%] Built target cpp_package__rosidl_typesupport_introspection_cpp
[0.382s] [ 70%] Built target cpp_package__rosidl_typesupport_c
[0.394s] [35m[1mConsolidate compiler generated dependencies of target service_class[0m
[0.404s] [35m[1mConsolidate compiler generated dependencies of target client_class[0m
[0.451s] [ 70%] Built target cpp_package
[0.465s] [ 74%] Built target service_class
[0.473s] [ 78%] Built target client_class
[0.510s] [ 80%] Built target cpp_package__py
[0.569s] [ 85%] Built target cpp_package__rosidl_generator_py
[0.642s] [ 93%] Built target cpp_package__rosidl_typesupport_c__pyext
[0.642s] [ 93%] Built target cpp_package__rosidl_typesupport_introspection_c__pyext
[0.646s] [ 97%] Built target cpp_package__rosidl_typesupport_fastrtps_c__pyext
[1.049s] running egg_info
[1.052s] writing cpp_package.egg-info/PKG-INFO
[1.052s] writing dependency_links to cpp_package.egg-info/dependency_links.txt
[1.052s] writing top-level names to cpp_package.egg-info/top_level.txt
[1.058s] reading manifest file 'cpp_package.egg-info/SOURCES.txt'
[1.059s] writing manifest file 'cpp_package.egg-info/SOURCES.txt'
[1.122s] [ 97%] Built target ament_cmake_python_build_cpp_package_egg
[6.514s] [01m[K/home/tayya/cpp_pkg/src/cpp_package/src/subscriber.cpp:7:14:[m[K [01;31m[Kerror: [m[Kextra qualification â€˜[01m[KMySubscriber::[m[Kâ€™ on member â€˜[01m[KSubscriberCallback[m[Kâ€™ [[01;31m[K]8;;https://gcc.gnu.org/onlinedocs/gcc/Warning-Options.html#index-fpermissive-fpermissive]8;;[m[K]
[6.514s]     7 |         void [01;31m[KMySubscriber[m[K::SubscriberCallback(const std_msgs::msg::String::SharedPtr msg){
[6.514s]       |              [01;31m[K^~~~~~~~~~~~[m[K
[12.500s] gmake[2]: *** [CMakeFiles/subscriber.dir/build.make:76: CMakeFiles/subscriber.dir/src/subscriber.cpp.o] Error 1
[12.500s] gmake[1]: *** [CMakeFiles/Makefile2:684: CMakeFiles/subscriber.dir/all] Error 2
[12.500s] gmake: *** [Makefile:146: all] Error 2
[12.505s] Invoked command in '/home/tayya/cpp_pkg/build/cpp_package' returned '2': CMAKE_PREFIX_PATH=${CMAKE_PREFIX_PATH}:/opt/ros/humble /usr/bin/cmake --build /home/tayya/cpp_pkg/build/cpp_package -- -j8 -l8
