[0.032s] Invoking command in '/home/tayya/cpp_pkg/build/cpp_package': CMAKE_PREFIX_PATH=${CMAKE_PREFIX_PATH}:/opt/ros/humble /usr/bin/cmake --build /home/tayya/cpp_pkg/build/cpp_package -- -j8 -l8
[0.101s] -- Found ament_cmake: 1.3.11 (/opt/ros/humble/share/ament_cmake/cmake)
[0.471s] -- Found rclcpp: 16.0.11 (/opt/ros/humble/share/rclcpp/cmake)
[0.549s] -- Found rosidl_generator_c: 3.1.6 (/opt/ros/humble/share/rosidl_generator_c/cmake)
[0.554s] -- Found rosidl_adapter: 3.1.6 (/opt/ros/humble/share/rosidl_adapter/cmake)
[0.569s] -- Found rosidl_generator_cpp: 3.1.6 (/opt/ros/humble/share/rosidl_generator_cpp/cmake)
[0.592s] -- Using all available rosidl_typesupport_c: rosidl_typesupport_fastrtps_c;rosidl_typesupport_introspection_c
[0.623s] -- Using all available rosidl_typesupport_cpp: rosidl_typesupport_fastrtps_cpp;rosidl_typesupport_introspection_cpp
[0.718s] -- Found rmw_implementation_cmake: 6.1.2 (/opt/ros/humble/share/rmw_implementation_cmake/cmake)
[0.721s] -- Found rmw_fastrtps_cpp: 6.2.7 (/opt/ros/humble/share/rmw_fastrtps_cpp/cmake)
[0.960s] -- Using RMW implementation 'rmw_fastrtps_cpp' as default
[1.105s] -- Found example_interfaces: 0.9.3 (/opt/ros/humble/share/example_interfaces/cmake)
[1.204s] -- Found rosidl_default_generators: 1.2.0 (/opt/ros/humble/share/rosidl_default_generators/cmake)
[2.067s] -- Found ament_cmake_ros: 0.10.0 (/opt/ros/humble/share/ament_cmake_ros/cmake)
[3.008s] -- Using all available rosidl_typesupport_c: rosidl_typesupport_fastrtps_c;rosidl_typesupport_introspection_c
[3.352s] -- Using all available rosidl_typesupport_cpp: rosidl_typesupport_fastrtps_cpp;rosidl_typesupport_introspection_cpp
[3.406s] -- Found python_cmake_module: 0.10.0 (/opt/ros/humble/share/python_cmake_module/cmake)
[3.462s] -- Using PYTHON_EXECUTABLE: /usr/bin/python3
[3.462s] -- Using PYTHON_INCLUDE_DIRS: /usr/include/python3.10
[3.462s] -- Using PYTHON_LIBRARIES: /usr/lib/x86_64-linux-gnu/libpython3.10.so
[3.589s] -- Configuring done
[3.778s] -- Generating done
[3.847s] -- Build files have been written to: /home/tayya/cpp_pkg/build/cpp_package
[3.932s] [35m[1mConsolidate compiler generated dependencies of target cpp_package__rosidl_generator_c[0m
[3.932s] [35m[1mConsolidate compiler generated dependencies of target cpp_try[0m
[3.933s] [35m[1mConsolidate compiler generated dependencies of target subscriber[0m
[3.946s] [35m[1mConsolidate compiler generated dependencies of target publisher[0m
[3.950s] [35m[1mConsolidate compiler generated dependencies of target cpp_try2[0m
[3.957s] [35m[1mConsolidate compiler generated dependencies of target service[0m
[4.000s] [  2%] Built target cpp_package__cpp
[4.017s] [  8%] Built target cpp_package__rosidl_generator_c
[4.030s] [ 10%] [32mBuilding CXX object CMakeFiles/subscriber.dir/src/subscriber.cpp.o[0m
[4.036s] [ 12%] [32mBuilding CXX object CMakeFiles/publisher.dir/src/publisher.cpp.o[0m
[4.040s] [ 17%] Built target cpp_try
[4.055s] [ 21%] Built target service
[4.056s] [35m[1mConsolidate compiler generated dependencies of target cpp_package__rosidl_typesupport_cpp[0m
[4.068s] [ 21%] Built target ament_cmake_python_copy_cpp_package
[4.077s] [35m[1mConsolidate compiler generated dependencies of target client[0m
[4.122s] [35m[1mConsolidate compiler generated dependencies of target cpp_package__rosidl_typesupport_introspection_c[0m
[4.132s] [35m[1mConsolidate compiler generated dependencies of target cpp_package__rosidl_typesupport_fastrtps_c[0m
[4.142s] [ 27%] Built target cpp_package__rosidl_typesupport_cpp
[4.143s] [ 29%] [32mBuilding CXX object CMakeFiles/cpp_try2.dir/src/cpp_try2.cpp.o[0m
[4.147s] [35m[1mConsolidate compiler generated dependencies of target cpp_package__rosidl_typesupport_fastrtps_cpp[0m
[4.189s] [35m[1mConsolidate compiler generated dependencies of target cpp_package__rosidl_typesupport_c[0m
[4.199s] [ 42%] Built target cpp_package__rosidl_typesupport_fastrtps_c
[4.202s] [ 42%] Built target cpp_package__rosidl_typesupport_introspection_c
[4.209s] [ 48%] Built target cpp_package__rosidl_typesupport_fastrtps_cpp
[4.217s] [ 53%] Built target client
[4.249s] [35m[1mConsolidate compiler generated dependencies of target cpp_package__rosidl_typesupport_introspection_cpp[0m
[4.258s] [35m[1mConsolidate compiler generated dependencies of target service_class[0m
[4.280s] [35m[1mConsolidate compiler generated dependencies of target client_class[0m
[4.306s] [ 59%] Built target cpp_package__rosidl_typesupport_c
[4.312s] [ 65%] Built target cpp_package__rosidl_typesupport_introspection_cpp
[4.341s] [ 68%] [32mBuilding CXX object CMakeFiles/service_class.dir/src/service_class.cpp.o[0m
[4.408s] [ 70%] [32mBuilding CXX object CMakeFiles/client_class.dir/src/client_class.cpp.o[0m
[4.447s] [ 70%] Built target cpp_package
[4.613s] [ 72%] Built target cpp_package__py
[4.659s] [35m[1mConsolidate compiler generated dependencies of target cpp_package__rosidl_generator_py[0m
[4.729s] [ 76%] Built target cpp_package__rosidl_generator_py
[4.796s] [35m[1mConsolidate compiler generated dependencies of target cpp_package__rosidl_typesupport_fastrtps_c__pyext[0m
[4.797s] [35m[1mConsolidate compiler generated dependencies of target cpp_package__rosidl_typesupport_introspection_c__pyext[0m
[4.855s] [ 80%] Built target cpp_package__rosidl_typesupport_introspection_c__pyext
[4.868s] [ 85%] Built target cpp_package__rosidl_typesupport_fastrtps_c__pyext
[4.894s] [35m[1mConsolidate compiler generated dependencies of target cpp_package__rosidl_typesupport_c__pyext[0m
[4.941s] [ 89%] Built target cpp_package__rosidl_typesupport_c__pyext
[5.558s] running egg_info
[5.560s] writing cpp_package.egg-info/PKG-INFO
[5.562s] writing dependency_links to cpp_package.egg-info/dependency_links.txt
[5.566s] writing top-level names to cpp_package.egg-info/top_level.txt
[5.577s] reading manifest file 'cpp_package.egg-info/SOURCES.txt'
[5.583s] writing manifest file 'cpp_package.egg-info/SOURCES.txt'
[5.713s] [ 89%] Built target ament_cmake_python_build_cpp_package_egg
[14.086s] [01m[K/home/tayya/cpp_pkg/src/cpp_package/src/client_class.cpp:[m[K In function â€˜[01m[Kint main(int, char**)[m[Kâ€™:
[14.090s] [01m[K/home/tayya/cpp_pkg/src/cpp_package/src/client_class.cpp:48:18:[m[K [01;35m[Kwarning: [m[Kthe address of â€˜[01m[Kbool rclcpp::ok(rclcpp::Context::SharedPtr)[m[Kâ€™ will never be NULL [[01;35m[K]8;;https://gcc.gnu.org/onlinedocs/gcc/Warning-Options.html#index-Waddress-Waddress]8;;[m[K]
[14.091s]    48 |   while ([01;35m[Krclcpp::ok[m[K){
[14.091s]       |          [01;35m[K~~~~~~~~^~[m[K
[14.487s] In file included from [01m[K/opt/ros/humble/include/rclcpp/rclcpp/logging.hpp:24[m[K,
[14.488s]                  from [01m[K/opt/ros/humble/include/rclcpp/rclcpp/client.hpp:40[m[K,
[14.488s]                  from [01m[K/opt/ros/humble/include/rclcpp/rclcpp/callback_group.hpp:24[m[K,
[14.488s]                  from [01m[K/opt/ros/humble/include/rclcpp/rclcpp/any_executable.hpp:20[m[K,
[14.489s]                  from [01m[K/opt/ros/humble/include/rclcpp/rclcpp/memory_strategy.hpp:25[m[K,
[14.489s]                  from [01m[K/opt/ros/humble/include/rclcpp/rclcpp/memory_strategies.hpp:18[m[K,
[14.489s]                  from [01m[K/opt/ros/humble/include/rclcpp/rclcpp/executor_options.hpp:20[m[K,
[14.490s]                  from [01m[K/opt/ros/humble/include/rclcpp/rclcpp/executor.hpp:37[m[K,
[14.490s]                  from [01m[K/opt/ros/humble/include/rclcpp/rclcpp/executors/multi_threaded_executor.hpp:25[m[K,
[14.490s]                  from [01m[K/opt/ros/humble/include/rclcpp/rclcpp/executors.hpp:21[m[K,
[14.490s]                  from [01m[K/opt/ros/humble/include/rclcpp/rclcpp/rclcpp.hpp:155[m[K,
[14.491s]                  from [01m[K/home/tayya/cpp_pkg/src/cpp_package/src/cpp_try2.cpp:2[m[K:
[14.491s] [01m[K/home/tayya/cpp_pkg/src/cpp_package/src/cpp_try2.cpp:[m[K In constructor â€˜[01m[KMinimalSubscriber::MinimalSubscriber()[m[Kâ€™:
[14.491s] [01m[K/home/tayya/cpp_pkg/src/cpp_package/src/cpp_try2.cpp:11:45:[m[K [01;35m[Kwarning: [m[Kformat â€˜[01m[K%s[m[Kâ€™ expects argument of type â€˜[01m[Kchar*[m[Kâ€™, but argument 5 has type â€˜[01m[Kstd_msgs::msg::String[m[Kâ€™ {aka â€˜[01m[Kstd_msgs::msg::String_<std::allocator<void> >[m[Kâ€™} [[01;35m[K]8;;https://gcc.gnu.org/onlinedocs/gcc/Warning-Options.html#index-Wformat=-Wformat=]8;;[m[K]
[14.492s]    11 |             RCLCPP_INFO(this->get_logger(), [01;35m[K"%s"[m[K ,comm);
[14.492s]       |                                             [01;35m[K^~~~[m[K
[14.492s] [01m[K/home/tayya/cpp_pkg/src/cpp_package/src/cpp_try2.cpp:11:47:[m[K [01;36m[Knote: [m[Kformat string is defined here
[14.492s]    11 |             RCLCPP_INFO(this->get_logger(), "[01;36m[K%s[m[K" ,comm);
[14.493s]       |                                              [01;36m[K~^[m[K
[14.493s]       |                                               [01;36m[K|[m[K
[14.493s]       |                                               [01;36m[Kchar*[m[K
[15.664s] [01m[K/home/tayya/cpp_pkg/src/cpp_package/src/subscriber.cpp:7:14:[m[K [01;31m[Kerror: [m[Kextra qualification â€˜[01m[KMySubscriber::[m[Kâ€™ on member â€˜[01m[KSubscriberCallback[m[Kâ€™ [[01;31m[K]8;;https://gcc.gnu.org/onlinedocs/gcc/Warning-Options.html#index-fpermissive-fpermissive]8;;[m[K]
[15.665s]     7 |         void [01;31m[KMySubscriber[m[K::SubscriberCallback(const std_msgs::msg::String::SharedPtr msg){
[15.666s]       |              [01;31m[K^~~~~~~~~~~~[m[K
[19.868s] [ 91%] [32m[1mLinking CXX executable client_class[0m
[20.757s] [ 91%] Built target client_class
[22.218s] [ 93%] [32m[1mLinking CXX executable publisher[0m
[22.979s] [ 93%] Built target publisher
[24.135s] [ 95%] [32m[1mLinking CXX executable service_class[0m
[24.610s] [ 95%] Built target service_class
[25.263s] gmake[2]: *** [CMakeFiles/subscriber.dir/build.make:76: CMakeFiles/subscriber.dir/src/subscriber.cpp.o] Error 1
[25.264s] gmake[1]: *** [CMakeFiles/Makefile2:684: CMakeFiles/subscriber.dir/all] Error 2
[25.264s] gmake[1]: *** Waiting for unfinished jobs....
[33.737s] [ 97%] [32m[1mLinking CXX executable cpp_try2[0m
[34.855s] [ 97%] Built target cpp_try2
[34.858s] gmake: *** [Makefile:146: all] Error 2
[34.862s] Invoked command in '/home/tayya/cpp_pkg/build/cpp_package' returned '2': CMAKE_PREFIX_PATH=${CMAKE_PREFIX_PATH}:/opt/ros/humble /usr/bin/cmake --build /home/tayya/cpp_pkg/build/cpp_package -- -j8 -l8
