[0.033s] Invoking command in '/home/tayya/cpp_pkg/build/cpp_package': CMAKE_PREFIX_PATH=${CMAKE_PREFIX_PATH}:/opt/ros/humble /usr/bin/cmake --build /home/tayya/cpp_pkg/build/cpp_package -- -j8 -l8
[0.223s] [  2%] Built target cpp_package__cpp
[0.225s] [  8%] Built target cpp_package__rosidl_generator_c
[0.259s] [  8%] Built target ament_cmake_python_copy_cpp_package
[0.259s] [ 12%] Built target cpp_try
[0.274s] [ 17%] Built target subscriber
[0.275s] [ 21%] Built target service
[0.280s] [ 25%] Built target publisher
[0.312s] [ 29%] Built target cpp_try2
[0.353s] [ 36%] Built target cpp_package__rosidl_typesupport_cpp
[0.355s] [ 42%] Built target cpp_package__rosidl_typesupport_fastrtps_c
[0.370s] [ 46%] Built target client
[0.374s] [ 53%] Built target cpp_package__rosidl_typesupport_fastrtps_cpp
[0.380s] [ 59%] Built target cpp_package__rosidl_typesupport_introspection_c
[0.386s] [ 65%] Built target cpp_package__rosidl_typesupport_c
[0.400s] [ 72%] Built target cpp_package__rosidl_typesupport_introspection_cpp
[0.441s] [ 72%] Built target cpp_package
[0.471s] [35m[1mConsolidate compiler generated dependencies of target client_class[0m
[0.488s] [ 74%] Built target cpp_package__py
[0.508s] [ 78%] Built target service_class
[0.517s] [ 80%] [32mBuilding CXX object CMakeFiles/client_class.dir/src/client_class.cpp.o[0m
[0.538s] [ 85%] Built target cpp_package__rosidl_generator_py
[0.599s] [ 89%] Built target cpp_package__rosidl_typesupport_introspection_c__pyext
[0.606s] [ 93%] Built target cpp_package__rosidl_typesupport_fastrtps_c__pyext
[0.623s] [ 97%] Built target cpp_package__rosidl_typesupport_c__pyext
[0.997s] running egg_info
[0.999s] writing cpp_package.egg-info/PKG-INFO
[0.999s] writing dependency_links to cpp_package.egg-info/dependency_links.txt
[1.000s] writing top-level names to cpp_package.egg-info/top_level.txt
[1.006s] reading manifest file 'cpp_package.egg-info/SOURCES.txt'
[1.007s] writing manifest file 'cpp_package.egg-info/SOURCES.txt'
[1.081s] [ 97%] Built target ament_cmake_python_build_cpp_package_egg
[6.554s] [01m[K/home/tayya/cpp_pkg/src/cpp_package/src/client_class.cpp:[m[K In constructor â€˜[01m[KMyClientNode::MyClientNode(std::string, std::string, std::string)[m[Kâ€™:
[6.554s] [01m[K/home/tayya/cpp_pkg/src/cpp_package/src/client_class.cpp:17:47:[m[K [01;31m[Kerror: [m[Kâ€˜[01m[Kcustom_msg_and_srv[m[Kâ€™ was not declared in this scope
[6.554s]    17 |                 client_ = this->create_client<[01;31m[Kcustom_msg_and_srv[m[K::srv::CapitalFullName>("create_cap_full_name");
[6.554s]       |                                               [01;31m[K^~~~~~~~~~~~~~~~~~[m[K
[6.554s] [01m[K/home/tayya/cpp_pkg/src/cpp_package/src/client_class.cpp:17:33:[m[K [01;31m[Kerror: [m[Kparse error in template argument list
[6.554s]    17 |                 client_ = this->[01;31m[Kcreate_client<custom_msg_and_srv::srv::CapitalFullName>[m[K("create_cap_full_name");
[6.555s]       |                                 [01;31m[K^~~~~~~~~~~~~~~~~~~~~~~~~~~~~~~~~~~~~~~~~~~~~~~~~~~~~~~[m[K
[6.555s] [01m[K/home/tayya/cpp_pkg/src/cpp_package/src/client_class.cpp:17:88:[m[K [01;31m[Kerror: [m[Kno matching function for call to â€˜[01m[KMyClientNode::create_client<<expression error> >(const char [21])[m[Kâ€™
[6.555s]    17 |                 client_ = [01;31m[Kthis->create_client<custom_msg_and_srv::srv::CapitalFullName>("create_cap_full_name")[m[K;
[6.555s]       |                           [01;31m[K~~~~~~~~~~~~~~~~~~~~~~~~~~~~~~~~~~~~~~~~~~~~~~~~~~~~~~~~~~~~~^~~~~~~~~~~~~~~~~~~~~~~~[m[K
[6.555s] In file included from [01m[K/opt/ros/humble/include/rclcpp/rclcpp/executors/single_threaded_executor.hpp:28[m[K,
[6.556s]                  from [01m[K/opt/ros/humble/include/rclcpp/rclcpp/executors.hpp:22[m[K,
[6.556s]                  from [01m[K/opt/ros/humble/include/rclcpp/rclcpp/rclcpp.hpp:155[m[K,
[6.556s]                  from [01m[K/home/tayya/cpp_pkg/src/cpp_package/src/client_class.cpp:2[m[K:
[6.556s] [01m[K/opt/ros/humble/include/rclcpp/rclcpp/node.hpp:252:3:[m[K [01;36m[Knote: [m[Kcandidate: â€˜[01m[Ktemplate<class ServiceT> typename rclcpp::Client<ServiceT>::SharedPtr rclcpp::Node::create_client(const string&, const rmw_qos_profile_t&, rclcpp::CallbackGroup::SharedPtr)[m[Kâ€™
[6.556s]   252 |   [01;36m[Kcreate_client[m[K(
[6.556s]       |   [01;36m[K^~~~~~~~~~~~~[m[K
[6.556s] [01m[K/opt/ros/humble/include/rclcpp/rclcpp/node.hpp:252:3:[m[K [01;36m[Knote: [m[K  template argument deduction/substitution failed:
[6.557s] [01m[K/home/tayya/cpp_pkg/src/cpp_package/src/client_class.cpp:17:88:[m[K [01;31m[Kerror: [m[Ktemplate argument 1 is invalid
[6.557s]    17 |                 client_ = [01;31m[Kthis->create_client<custom_msg_and_srv::srv::CapitalFullName>("create_cap_full_name")[m[K;
[6.557s]       |                           [01;31m[K~~~~~~~~~~~~~~~~~~~~~~~~~~~~~~~~~~~~~~~~~~~~~~~~~~~~~~~~~~~~~^~~~~~~~~~~~~~~~~~~~~~~~[m[K
[7.923s] gmake[2]: *** [CMakeFiles/client_class.dir/build.make:76: CMakeFiles/client_class.dir/src/client_class.cpp.o] Error 1
[7.923s] gmake[1]: *** [CMakeFiles/Makefile2:792: CMakeFiles/client_class.dir/all] Error 2
[7.923s] gmake: *** [Makefile:146: all] Error 2
[7.928s] Invoked command in '/home/tayya/cpp_pkg/build/cpp_package' returned '2': CMAKE_PREFIX_PATH=${CMAKE_PREFIX_PATH}:/opt/ros/humble /usr/bin/cmake --build /home/tayya/cpp_pkg/build/cpp_package -- -j8 -l8
