[0.030s] Invoking command in '/home/tayya/cpp_pkg/build/cpp_package': CMAKE_PREFIX_PATH=${CMAKE_PREFIX_PATH}:/opt/ros/humble /usr/bin/cmake --build /home/tayya/cpp_pkg/build/cpp_package -- -j8 -l8
[0.190s] [  2%] Built target cpp_package__cpp
[0.205s] [  8%] Built target cpp_package__rosidl_generator_c
[0.267s] [ 12%] Built target cpp_try2
[0.267s] [ 17%] Built target cpp_try
[0.284s] [ 21%] Built target service
[0.284s] [ 25%] Built target publisher
[0.290s] [ 29%] Built target subscriber
[0.312s] [ 29%] Built target ament_cmake_python_copy_cpp_package
[0.368s] [ 31%] [32mBuilding CXX object CMakeFiles/service_class.dir/src/service_class.cpp.o[0m
[0.374s] [ 36%] Built target client
[0.383s] [ 38%] [32m[1mLinking CXX executable client_class[0m
[0.395s] [ 44%] Built target cpp_package__rosidl_typesupport_cpp
[0.400s] [ 51%] Built target cpp_package__rosidl_typesupport_fastrtps_cpp
[0.405s] [ 57%] Built target cpp_package__rosidl_typesupport_fastrtps_c
[0.412s] [ 63%] Built target cpp_package__rosidl_typesupport_introspection_c
[0.417s] [ 70%] Built target cpp_package__rosidl_typesupport_c
[0.435s] [ 76%] Built target cpp_package__rosidl_typesupport_introspection_cpp
[0.489s] [ 76%] Built target cpp_package
[0.553s] [ 78%] Built target cpp_package__py
[0.605s] /usr/bin/ld: /usr/lib/gcc/x86_64-linux-gnu/11/../../../x86_64-linux-gnu/Scrt1.o: in function `_start':
[0.606s] (.text+0x1b): undefined reference to `main'
[0.610s] collect2: error: ld returned 1 exit status
[0.614s] gmake[2]: *** [CMakeFiles/client_class.dir/build.make:190: client_class] Error 1
[0.615s] gmake[1]: *** [CMakeFiles/Makefile2:788: CMakeFiles/client_class.dir/all] Error 2
[0.615s] gmake[1]: *** Waiting for unfinished jobs....
[0.622s] [ 82%] Built target cpp_package__rosidl_generator_py
[0.949s] [01m[K/home/tayya/cpp_pkg/src/cpp_package/src/service_class.cpp:2:10:[m[K [01;31m[Kfatal error: [m[Kcpp_package/srv/CapitalFullName.srv: No such file or directory
[0.949s]     2 | #include [01;31m[K"cpp_package/srv/CapitalFullName.srv"[m[K
[0.949s]       |          [01;31m[K^~~~~~~~~~~~~~~~~~~~~~~~~~~~~~~~~~~~~[m[K
[0.950s] compilation terminated.
[0.964s] gmake[2]: *** [CMakeFiles/service_class.dir/build.make:76: CMakeFiles/service_class.dir/src/service_class.cpp.o] Error 1
[0.964s] gmake[1]: *** [CMakeFiles/Makefile2:762: CMakeFiles/service_class.dir/all] Error 2
[1.055s] running egg_info
[1.057s] writing cpp_package.egg-info/PKG-INFO
[1.057s] writing dependency_links to cpp_package.egg-info/dependency_links.txt
[1.057s] writing top-level names to cpp_package.egg-info/top_level.txt
[1.064s] reading manifest file 'cpp_package.egg-info/SOURCES.txt'
[1.066s] writing manifest file 'cpp_package.egg-info/SOURCES.txt'
[1.129s] [ 82%] Built target ament_cmake_python_build_cpp_package_egg
[1.131s] gmake: *** [Makefile:146: all] Error 2
[1.136s] Invoked command in '/home/tayya/cpp_pkg/build/cpp_package' returned '2': CMAKE_PREFIX_PATH=${CMAKE_PREFIX_PATH}:/opt/ros/humble /usr/bin/cmake --build /home/tayya/cpp_pkg/build/cpp_package -- -j8 -l8
