-- The C compiler identification is GNU 11.4.0
-- The CXX compiler identification is GNU 11.4.0
-- Detecting C compiler ABI info
-- Detecting C compiler ABI info - done
-- Check for working C compiler: /usr/bin/cc - skipped
-- Detecting C compile features
-- Detecting C compile features - done
-- Detecting CXX compiler ABI info
-- Detecting CXX compiler ABI info - done
-- Check for working CXX compiler: /usr/bin/c++ - skipped
-- Detecting CXX compile features
-- Detecting CXX compile features - done
-- Found ament_cmake: 1.3.11 (/opt/ros/humble/share/ament_cmake/cmake)
-- Found Python3: /usr/bin/python3 (found version "3.10.12") found components: Interpreter 
-- Found rclcpp: 16.0.11 (/opt/ros/humble/share/rclcpp/cmake)
-- Found rosidl_generator_c: 3.1.6 (/opt/ros/humble/share/rosidl_generator_c/cmake)
-- Found rosidl_adapter: 3.1.6 (/opt/ros/humble/share/rosidl_adapter/cmake)
-- Found rosidl_generator_cpp: 3.1.6 (/opt/ros/humble/share/rosidl_generator_cpp/cmake)
-- Using all available rosidl_typesupport_c: rosidl_typesupport_fastrtps_c;rosidl_typesupport_introspection_c
-- Using all available rosidl_typesupport_cpp: rosidl_typesupport_fastrtps_cpp;rosidl_typesupport_introspection_cpp
-- Found rmw_implementation_cmake: 6.1.2 (/opt/ros/humble/share/rmw_implementation_cmake/cmake)
-- Found rmw_fastrtps_cpp: 6.2.7 (/opt/ros/humble/share/rmw_fastrtps_cpp/cmake)
-- Found OpenSSL: /usr/lib/x86_64-linux-gnu/libcrypto.so (found version "3.0.2")  
-- Found FastRTPS: /opt/ros/humble/include  
-- Using RMW implementation 'rmw_fastrtps_cpp' as default
-- Looking for pthread.h
-- Looking for pthread.h - found
-- Performing Test CMAKE_HAVE_LIBC_PTHREAD
-- Performing Test CMAKE_HAVE_LIBC_PTHREAD - Success
-- Found Threads: TRUE  
-- Found example_interfaces: 0.9.3 (/opt/ros/humble/share/example_interfaces/cmake)
-- Found rosidl_default_generators: 1.2.0 (/opt/ros/humble/share/rosidl_default_generators/cmake)
-- Found ament_cmake_ros: 0.10.0 (/opt/ros/humble/share/ament_cmake_ros/cmake)
-- Using all available rosidl_typesupport_c: rosidl_typesupport_fastrtps_c;rosidl_typesupport_introspection_c
-- Using all available rosidl_typesupport_cpp: rosidl_typesupport_fastrtps_cpp;rosidl_typesupport_introspection_cpp
-- Found PythonInterp: /usr/bin/python3 (found suitable version "3.10.12", minimum required is "3.6") 
-- Found python_cmake_module: 0.10.0 (/opt/ros/humble/share/python_cmake_module/cmake)
-- Found PythonLibs: /usr/lib/x86_64-linux-gnu/libpython3.10.so (found suitable version "3.10.12", minimum required is "3.5") 
-- Using PYTHON_EXECUTABLE: /usr/bin/python3
-- Using PYTHON_INCLUDE_DIRS: /usr/include/python3.10
-- Using PYTHON_LIBRARIES: /usr/lib/x86_64-linux-gnu/libpython3.10.so
-- Found PythonExtra: .so  
-- Configuring done
-- Generating done
-- Build files have been written to: /home/tayya/cpp_pkg/build/cpp_package
[35m[1mConsolidate compiler generated dependencies of target cpp_package__rosidl_generator_c[0m
[35m[1mConsolidate compiler generated dependencies of target publisher[0m
[35m[1mConsolidate compiler generated dependencies of target cpp_try[0m
[35m[1mConsolidate compiler generated dependencies of target service[0m
[35m[1mConsolidate compiler generated dependencies of target subscriber[0m
[35m[1mConsolidate compiler generated dependencies of target cpp_try2[0m
[  9%] Built target cpp_package__cpp
[  9%] Built target cpp_package__rosidl_generator_c
[  9%] Built target ament_cmake_python_copy_cpp_package
[ 13%] Built target publisher
[ 18%] Built target cpp_try
[ 23%] Built target subscriber
[ 27%] Built target cpp_try2
[ 32%] Built target service
[35m[1mConsolidate compiler generated dependencies of target cpp_package__rosidl_typesupport_cpp[0m
[35m[1mConsolidate compiler generated dependencies of target cpp_package__rosidl_typesupport_fastrtps_c[0m
[35m[1mConsolidate compiler generated dependencies of target cpp_package__rosidl_typesupport_fastrtps_cpp[0m
[35m[1mConsolidate compiler generated dependencies of target cpp_package__rosidl_typesupport_introspection_cpp[0m
[ 34%] [32mBuilding CXX object CMakeFiles/custom_service.dir/src/custom_service.cpp.o[0m
[ 41%] Built target cpp_package__rosidl_typesupport_cpp
[35m[1mConsolidate compiler generated dependencies of target cpp_package__rosidl_typesupport_c[0m
[35m[1mConsolidate compiler generated dependencies of target cpp_package__rosidl_typesupport_introspection_c[0m
[ 48%] Built target cpp_package__rosidl_typesupport_fastrtps_c
[ 55%] Built target cpp_package__rosidl_typesupport_fastrtps_cpp
[ 62%] Built target cpp_package__rosidl_typesupport_introspection_c
[ 69%] Built target cpp_package__rosidl_typesupport_c
[ 76%] Built target cpp_package__rosidl_typesupport_introspection_cpp
[ 76%] Built target cpp_package
[ 79%] Built target cpp_package__py
[ 81%] [32mBuilding C object CMakeFiles/cpp_package__rosidl_generator_py.dir/rosidl_generator_py/cpp_package/srv/_say_name_s.c.o[0m
[ 83%] [32m[1mLinking C shared library rosidl_generator_py/cpp_package/libcpp_package__rosidl_generator_py.so[0m
[ 83%] Built target cpp_package__rosidl_generator_py
running egg_info
[ 86%] [32mBuilding C object CMakeFiles/cpp_package__rosidl_typesupport_introspection_c__pyext.dir/rosidl_generator_py/cpp_package/_cpp_package_s.ep.rosidl_typesupport_introspection_c.c.o[0m
writing cpp_package.egg-info/PKG-INFO
writing dependency_links to cpp_package.egg-info/dependency_links.txt
writing top-level names to cpp_package.egg-info/top_level.txt
[ 88%] [32mBuilding C object CMakeFiles/cpp_package__rosidl_typesupport_fastrtps_c__pyext.dir/rosidl_generator_py/cpp_package/_cpp_package_s.ep.rosidl_typesupport_fastrtps_c.c.o[0m
[ 90%] [32mBuilding C object CMakeFiles/cpp_package__rosidl_typesupport_c__pyext.dir/rosidl_generator_py/cpp_package/_cpp_package_s.ep.rosidl_typesupport_c.c.o[0m
[01m[K/home/tayya/cpp_pkg/src/cpp_package/src/custom_service.cpp:2:10:[m[K [01;31m[Kfatal error: [m[Kcpp_package/srv/sayname.hpp: No such file or directory
    2 | #include [01;31m[K"cpp_package/srv/sayname.hpp"[m[K
      |          [01;31m[K^~~~~~~~~~~~~~~~~~~~~~~~~~~~~[m[K
compilation terminated.
reading manifest file 'cpp_package.egg-info/SOURCES.txt'
writing manifest file 'cpp_package.egg-info/SOURCES.txt'
gmake[2]: *** [CMakeFiles/custom_service.dir/build.make:76: CMakeFiles/custom_service.dir/src/custom_service.cpp.o] Error 1
gmake[1]: *** [CMakeFiles/Makefile2:732: CMakeFiles/custom_service.dir/all] Error 2
gmake[1]: *** Waiting for unfinished jobs....
[ 90%] Built target ament_cmake_python_build_cpp_package_egg
[ 93%] [32m[1mLinking C shared library rosidl_generator_py/cpp_package/cpp_package_s__rosidl_typesupport_introspection_c.cpython-310-x86_64-linux-gnu.so[0m
[ 95%] [32m[1mLinking C shared library rosidl_generator_py/cpp_package/cpp_package_s__rosidl_typesupport_fastrtps_c.cpython-310-x86_64-linux-gnu.so[0m
[ 97%] [32m[1mLinking C shared library rosidl_generator_py/cpp_package/cpp_package_s__rosidl_typesupport_c.cpython-310-x86_64-linux-gnu.so[0m
[ 97%] Built target cpp_package__rosidl_typesupport_introspection_c__pyext
[ 97%] Built target cpp_package__rosidl_typesupport_fastrtps_c__pyext
[ 97%] Built target cpp_package__rosidl_typesupport_c__pyext
gmake: *** [Makefile:146: all] Error 2
