[0.023s] Invoking command in '/home/tayya/cpp_pkg/build/cpp_package': CMAKE_PREFIX_PATH=${CMAKE_PREFIX_PATH}:/opt/ros/humble /usr/bin/cmake /home/tayya/cpp_pkg/src/cpp_package -DCMAKE_INSTALL_PREFIX=/home/tayya/cpp_pkg/install/cpp_package
[0.152s] -- The C compiler identification is GNU 11.4.0
[0.269s] -- The CXX compiler identification is GNU 11.4.0
[0.286s] -- Detecting C compiler ABI info
[0.417s] -- Detecting C compiler ABI info - done
[0.434s] -- Check for working C compiler: /usr/bin/cc - skipped
[0.435s] -- Detecting C compile features
[0.436s] -- Detecting C compile features - done
[0.443s] -- Detecting CXX compiler ABI info
[0.612s] -- Detecting CXX compiler ABI info - done
[0.633s] -- Check for working CXX compiler: /usr/bin/c++ - skipped
[0.634s] -- Detecting CXX compile features
[0.635s] -- Detecting CXX compile features - done
[0.650s] -- Found ament_cmake: 1.3.11 (/opt/ros/humble/share/ament_cmake/cmake)
[0.995s] -- Found Python3: /usr/bin/python3 (found version "3.10.12") found components: Interpreter 
[1.181s] -- Found rclcpp: 16.0.11 (/opt/ros/humble/share/rclcpp/cmake)
[1.278s] -- Found rosidl_generator_c: 3.1.6 (/opt/ros/humble/share/rosidl_generator_c/cmake)
[1.291s] -- Found rosidl_adapter: 3.1.6 (/opt/ros/humble/share/rosidl_adapter/cmake)
[1.309s] -- Found rosidl_generator_cpp: 3.1.6 (/opt/ros/humble/share/rosidl_generator_cpp/cmake)
[1.337s] -- Using all available rosidl_typesupport_c: rosidl_typesupport_fastrtps_c;rosidl_typesupport_introspection_c
[1.371s] -- Using all available rosidl_typesupport_cpp: rosidl_typesupport_fastrtps_cpp;rosidl_typesupport_introspection_cpp
[1.468s] -- Found rmw_implementation_cmake: 6.1.2 (/opt/ros/humble/share/rmw_implementation_cmake/cmake)
[1.473s] -- Found rmw_fastrtps_cpp: 6.2.7 (/opt/ros/humble/share/rmw_fastrtps_cpp/cmake)
[1.649s] -- Found OpenSSL: /usr/lib/x86_64-linux-gnu/libcrypto.so (found version "3.0.2")  
[1.704s] -- Found FastRTPS: /opt/ros/humble/include  
[1.786s] -- Using RMW implementation 'rmw_fastrtps_cpp' as default
[1.812s] -- Looking for pthread.h
[1.953s] -- Looking for pthread.h - found
[1.954s] -- Performing Test CMAKE_HAVE_LIBC_PTHREAD
[2.096s] -- Performing Test CMAKE_HAVE_LIBC_PTHREAD - Success
[2.098s] -- Found Threads: TRUE  
[2.213s] -- Found example_interfaces: 0.9.3 (/opt/ros/humble/share/example_interfaces/cmake)
[2.301s] -- Found rosidl_default_generators: 1.2.0 (/opt/ros/humble/share/rosidl_default_generators/cmake)
[2.875s] -- Found ament_cmake_ros: 0.10.0 (/opt/ros/humble/share/ament_cmake_ros/cmake)
[3.518s] -- Using all available rosidl_typesupport_c: rosidl_typesupport_fastrtps_c;rosidl_typesupport_introspection_c
[3.793s] -- Using all available rosidl_typesupport_cpp: rosidl_typesupport_fastrtps_cpp;rosidl_typesupport_introspection_cpp
[3.875s] -- Found PythonInterp: /usr/bin/python3 (found suitable version "3.10.12", minimum required is "3.6") 
[3.880s] -- Found python_cmake_module: 0.10.0 (/opt/ros/humble/share/python_cmake_module/cmake)
[3.955s] -- Found PythonLibs: /usr/lib/x86_64-linux-gnu/libpython3.10.so (found suitable version "3.10.12", minimum required is "3.5") 
[3.955s] -- Using PYTHON_EXECUTABLE: /usr/bin/python3
[3.955s] -- Using PYTHON_INCLUDE_DIRS: /usr/include/python3.10
[3.956s] -- Using PYTHON_LIBRARIES: /usr/lib/x86_64-linux-gnu/libpython3.10.so
[4.015s] -- Found PythonExtra: .so  
[4.129s] -- Configuring done
[4.249s] -- Generating done
[4.298s] -- Build files have been written to: /home/tayya/cpp_pkg/build/cpp_package
[4.322s] Invoked command in '/home/tayya/cpp_pkg/build/cpp_package' returned '0': CMAKE_PREFIX_PATH=${CMAKE_PREFIX_PATH}:/opt/ros/humble /usr/bin/cmake /home/tayya/cpp_pkg/src/cpp_package -DCMAKE_INSTALL_PREFIX=/home/tayya/cpp_pkg/install/cpp_package
[4.327s] Invoking command in '/home/tayya/cpp_pkg/build/cpp_package': CMAKE_PREFIX_PATH=${CMAKE_PREFIX_PATH}:/opt/ros/humble /usr/bin/cmake --build /home/tayya/cpp_pkg/build/cpp_package -- -j8 -l8
[4.421s] [35m[1mConsolidate compiler generated dependencies of target cpp_package__rosidl_generator_c[0m
[4.426s] [35m[1mConsolidate compiler generated dependencies of target publisher[0m
[4.426s] [35m[1mConsolidate compiler generated dependencies of target cpp_try[0m
[4.430s] [35m[1mConsolidate compiler generated dependencies of target service[0m
[4.437s] [35m[1mConsolidate compiler generated dependencies of target subscriber[0m
[4.441s] [35m[1mConsolidate compiler generated dependencies of target cpp_try2[0m
[4.458s] [  9%] Built target cpp_package__cpp
[4.459s] [  9%] Built target cpp_package__rosidl_generator_c
[4.483s] [  9%] Built target ament_cmake_python_copy_cpp_package
[4.489s] [ 13%] Built target publisher
[4.493s] [ 18%] Built target cpp_try
[4.502s] [ 23%] Built target subscriber
[4.506s] [ 27%] Built target cpp_try2
[4.510s] [ 32%] Built target service
[4.517s] [35m[1mConsolidate compiler generated dependencies of target cpp_package__rosidl_typesupport_cpp[0m
[4.524s] [35m[1mConsolidate compiler generated dependencies of target cpp_package__rosidl_typesupport_fastrtps_c[0m
[4.540s] [35m[1mConsolidate compiler generated dependencies of target cpp_package__rosidl_typesupport_fastrtps_cpp[0m
[4.549s] [35m[1mConsolidate compiler generated dependencies of target cpp_package__rosidl_typesupport_introspection_cpp[0m
[4.557s] [ 34%] [32mBuilding CXX object CMakeFiles/custom_service.dir/src/custom_service.cpp.o[0m
[4.559s] [ 41%] Built target cpp_package__rosidl_typesupport_cpp
[4.561s] [35m[1mConsolidate compiler generated dependencies of target cpp_package__rosidl_typesupport_c[0m
[4.561s] [35m[1mConsolidate compiler generated dependencies of target cpp_package__rosidl_typesupport_introspection_c[0m
[4.589s] [ 48%] Built target cpp_package__rosidl_typesupport_fastrtps_c
[4.598s] [ 55%] Built target cpp_package__rosidl_typesupport_fastrtps_cpp
[4.601s] [ 62%] Built target cpp_package__rosidl_typesupport_introspection_c
[4.608s] [ 69%] Built target cpp_package__rosidl_typesupport_c
[4.614s] [ 76%] Built target cpp_package__rosidl_typesupport_introspection_cpp
[4.656s] [ 76%] Built target cpp_package
[4.697s] [ 79%] Built target cpp_package__py
[4.738s] [ 81%] [32mBuilding C object CMakeFiles/cpp_package__rosidl_generator_py.dir/rosidl_generator_py/cpp_package/srv/_say_name_s.c.o[0m
[5.096s] [ 83%] [32m[1mLinking C shared library rosidl_generator_py/cpp_package/libcpp_package__rosidl_generator_py.so[0m
[5.193s] [ 83%] Built target cpp_package__rosidl_generator_py
[5.250s] running egg_info
[5.251s] [ 86%] [32mBuilding C object CMakeFiles/cpp_package__rosidl_typesupport_introspection_c__pyext.dir/rosidl_generator_py/cpp_package/_cpp_package_s.ep.rosidl_typesupport_introspection_c.c.o[0m
[5.253s] writing cpp_package.egg-info/PKG-INFO
[5.253s] writing dependency_links to cpp_package.egg-info/dependency_links.txt
[5.254s] writing top-level names to cpp_package.egg-info/top_level.txt
[5.254s] [ 88%] [32mBuilding C object CMakeFiles/cpp_package__rosidl_typesupport_fastrtps_c__pyext.dir/rosidl_generator_py/cpp_package/_cpp_package_s.ep.rosidl_typesupport_fastrtps_c.c.o[0m
[5.256s] [ 90%] [32mBuilding C object CMakeFiles/cpp_package__rosidl_typesupport_c__pyext.dir/rosidl_generator_py/cpp_package/_cpp_package_s.ep.rosidl_typesupport_c.c.o[0m
[5.259s] [01m[K/home/tayya/cpp_pkg/src/cpp_package/src/custom_service.cpp:2:10:[m[K [01;31m[Kfatal error: [m[Kcpp_package/srv/sayname.hpp: No such file or directory
[5.259s]     2 | #include [01;31m[K"cpp_package/srv/sayname.hpp"[m[K
[5.259s]       |          [01;31m[K^~~~~~~~~~~~~~~~~~~~~~~~~~~~~[m[K
[5.260s] compilation terminated.
[5.261s] reading manifest file 'cpp_package.egg-info/SOURCES.txt'
[5.264s] writing manifest file 'cpp_package.egg-info/SOURCES.txt'
[5.265s] gmake[2]: *** [CMakeFiles/custom_service.dir/build.make:76: CMakeFiles/custom_service.dir/src/custom_service.cpp.o] Error 1
[5.265s] gmake[1]: *** [CMakeFiles/Makefile2:732: CMakeFiles/custom_service.dir/all] Error 2
[5.265s] gmake[1]: *** Waiting for unfinished jobs....
[5.339s] [ 90%] Built target ament_cmake_python_build_cpp_package_egg
[5.480s] [ 93%] [32m[1mLinking C shared library rosidl_generator_py/cpp_package/cpp_package_s__rosidl_typesupport_introspection_c.cpython-310-x86_64-linux-gnu.so[0m
[5.487s] [ 95%] [32m[1mLinking C shared library rosidl_generator_py/cpp_package/cpp_package_s__rosidl_typesupport_fastrtps_c.cpython-310-x86_64-linux-gnu.so[0m
[5.495s] [ 97%] [32m[1mLinking C shared library rosidl_generator_py/cpp_package/cpp_package_s__rosidl_typesupport_c.cpython-310-x86_64-linux-gnu.so[0m
[5.547s] [ 97%] Built target cpp_package__rosidl_typesupport_introspection_c__pyext
[5.554s] [ 97%] Built target cpp_package__rosidl_typesupport_fastrtps_c__pyext
[5.562s] [ 97%] Built target cpp_package__rosidl_typesupport_c__pyext
[5.564s] gmake: *** [Makefile:146: all] Error 2
[5.569s] Invoked command in '/home/tayya/cpp_pkg/build/cpp_package' returned '2': CMAKE_PREFIX_PATH=${CMAKE_PREFIX_PATH}:/opt/ros/humble /usr/bin/cmake --build /home/tayya/cpp_pkg/build/cpp_package -- -j8 -l8
