[0.030s] Invoking command in '/home/tayya/cpp_pkg/build/cpp_package': CMAKE_PREFIX_PATH=${CMAKE_PREFIX_PATH}:/opt/ros/humble /usr/bin/cmake --build /home/tayya/cpp_pkg/build/cpp_package -- -j8 -l8
[0.171s] [  6%] Built target cpp_package__rosidl_generator_c
[0.177s] [  8%] Built target cpp_package__cpp
[0.228s] [ 12%] Built target service
[0.228s] [ 17%] Built target cpp_try
[0.231s] [ 21%] Built target cpp_try2
[0.238s] [ 21%] Built target ament_cmake_python_copy_cpp_package
[0.264s] [ 25%] Built target subscriber
[0.265s] [ 29%] Built target publisher
[0.321s] [ 36%] Built target cpp_package__rosidl_typesupport_cpp
[0.346s] [ 40%] Built target client
[0.384s] [ 46%] Built target cpp_package__rosidl_typesupport_c
[0.387s] [ 53%] Built target cpp_package__rosidl_typesupport_fastrtps_cpp
[0.399s] [ 59%] Built target cpp_package__rosidl_typesupport_fastrtps_c
[0.422s] [ 65%] Built target cpp_package__rosidl_typesupport_introspection_c
[0.428s] [ 72%] Built target cpp_package__rosidl_typesupport_introspection_cpp
[0.532s] [ 72%] Built target cpp_package
[0.592s] [35m[1mConsolidate compiler generated dependencies of target service_class[0m
[0.609s] [ 74%] Built target cpp_package__py
[0.653s] [ 76%] [32mBuilding CXX object CMakeFiles/client_class.dir/src/client_class.cpp.o[0m
[0.682s] [ 78%] [32mBuilding CXX object CMakeFiles/service_class.dir/src/service_class.cpp.o[0m
[0.698s] [ 82%] Built target cpp_package__rosidl_generator_py
[0.775s] [ 87%] Built target cpp_package__rosidl_typesupport_fastrtps_c__pyext
[0.779s] [ 91%] Built target cpp_package__rosidl_typesupport_introspection_c__pyext
[0.789s] [ 95%] Built target cpp_package__rosidl_typesupport_c__pyext
[1.229s] running egg_info
[1.231s] writing cpp_package.egg-info/PKG-INFO
[1.231s] writing dependency_links to cpp_package.egg-info/dependency_links.txt
[1.232s] writing top-level names to cpp_package.egg-info/top_level.txt
[1.239s] reading manifest file 'cpp_package.egg-info/SOURCES.txt'
[1.241s] writing manifest file 'cpp_package.egg-info/SOURCES.txt'
[1.307s] [ 95%] Built target ament_cmake_python_build_cpp_package_egg
[7.785s] [01m[K/home/tayya/cpp_pkg/src/cpp_package/src/client_class.cpp:15:27:[m[K [01;31m[Kerror: [m[Kexpected â€˜[01m[K)[m[Kâ€™ before string constant
[7.785s]    15 |         MyClientNode(Node[34m[K([m[K[01;31m[K"[m[K[32m[Kclient_node"[m[K),name_(passedName) , surname_(passedSurname)){
[7.785s]       |                          [34m[K~[m[K[01;31m[K^[m[K[32m[K~~~~~~~~~~~~[m[K
[7.786s]       |                           [32m[K)[m[K
[7.786s] [01m[K/home/tayya/cpp_pkg/src/cpp_package/src/client_class.cpp:15:27:[m[K [01;31m[Kerror: [m[Kexpected â€˜[01m[K)[m[Kâ€™ before string constant
[7.786s]    15 |         MyClientNode[34m[K([m[KNode([01;31m[K"[m[K[32m[Kclient_node"[m[K),name_(passedName) , surname_(passedSurname)){
[7.786s]       |                     [34m[K~[m[K     [01;31m[K^[m[K[32m[K~~~~~~~~~~~~[m[K
[7.786s]       |                           [32m[K)[m[K
[7.786s] [01m[K/home/tayya/cpp_pkg/src/cpp_package/src/client_class.cpp:15:26:[m[K [01;31m[Kerror: [m[Kexpected â€˜[01m[K;[m[Kâ€™ at end of member declaration
[7.787s]    15 |         MyClientNode(Node[01;31m[K([m[K"client_node"),name_(passedName) , surname_(passedSurname)){
[7.787s]       |                          [01;31m[K^[m[K
[7.787s]       |                           [32m[K;[m[K
[7.787s] [01m[K/home/tayya/cpp_pkg/src/cpp_package/src/client_class.cpp:15:27:[m[K [01;31m[Kerror: [m[Kexpected unqualified-id before string constant
[7.787s]    15 |         MyClientNode(Node([01;31m[K"client_node"[m[K),name_(passedName) , surname_(passedSurname)){
[7.787s]       |                           [01;31m[K^~~~~~~~~~~~~[m[K
[9.747s] gmake[2]: *** [CMakeFiles/client_class.dir/build.make:76: CMakeFiles/client_class.dir/src/client_class.cpp.o] Error 1
[9.747s] gmake[1]: *** [CMakeFiles/Makefile2:792: CMakeFiles/client_class.dir/all] Error 2
[9.752s] gmake[1]: *** Waiting for unfinished jobs....
[12.947s] [ 97%] [32m[1mLinking CXX executable service_class[0m
[13.363s] [ 97%] Built target service_class
[13.367s] gmake: *** [Makefile:146: all] Error 2
[13.372s] Invoked command in '/home/tayya/cpp_pkg/build/cpp_package' returned '2': CMAKE_PREFIX_PATH=${CMAKE_PREFIX_PATH}:/opt/ros/humble /usr/bin/cmake --build /home/tayya/cpp_pkg/build/cpp_package -- -j8 -l8
