[0.025s] Invoking command in '/home/tayya/cpp_pkg/build/cpp_package': CMAKE_PREFIX_PATH=${CMAKE_PREFIX_PATH}:/opt/ros/humble /usr/bin/cmake --build /home/tayya/cpp_pkg/build/cpp_package -- -j8 -l8
[0.103s] [35m[1mConsolidate compiler generated dependencies of target publisher[0m
[0.107s] [35m[1mConsolidate compiler generated dependencies of target cpp_try2[0m
[0.108s] [35m[1mConsolidate compiler generated dependencies of target cpp_try[0m
[0.144s] [ 16%] [32mBuilding CXX object CMakeFiles/publisher.dir/src/publisher.cpp.o[0m
[0.146s] [ 33%] [32mBuilding CXX object CMakeFiles/cpp_try2.dir/src/cpp_try2.cpp.o[0m
[0.153s] [ 66%] Built target cpp_try
[5.599s] In file included from [01m[K/opt/ros/humble/include/rclcpp/rclcpp/logging.hpp:24[m[K,
[5.599s]                  from [01m[K/opt/ros/humble/include/rclcpp/rclcpp/client.hpp:40[m[K,
[5.600s]                  from [01m[K/opt/ros/humble/include/rclcpp/rclcpp/callback_group.hpp:24[m[K,
[5.600s]                  from [01m[K/opt/ros/humble/include/rclcpp/rclcpp/any_executable.hpp:20[m[K,
[5.600s]                  from [01m[K/opt/ros/humble/include/rclcpp/rclcpp/memory_strategy.hpp:25[m[K,
[5.600s]                  from [01m[K/opt/ros/humble/include/rclcpp/rclcpp/memory_strategies.hpp:18[m[K,
[5.601s]                  from [01m[K/opt/ros/humble/include/rclcpp/rclcpp/executor_options.hpp:20[m[K,
[5.601s]                  from [01m[K/opt/ros/humble/include/rclcpp/rclcpp/executor.hpp:37[m[K,
[5.602s]                  from [01m[K/opt/ros/humble/include/rclcpp/rclcpp/executors/multi_threaded_executor.hpp:25[m[K,
[5.602s]                  from [01m[K/opt/ros/humble/include/rclcpp/rclcpp/executors.hpp:21[m[K,
[5.603s]                  from [01m[K/opt/ros/humble/include/rclcpp/rclcpp/rclcpp.hpp:155[m[K,
[5.603s]                  from [01m[K/home/tayya/cpp_pkg/src/cpp_package/src/publisher.cpp:1[m[K:
[5.603s] [01m[K/home/tayya/cpp_pkg/src/cpp_package/src/publisher.cpp:[m[K In member function â€˜[01m[Kvoid MyPublisher::timer_callback()[m[Kâ€™:
[5.603s] [01m[K/home/tayya/cpp_pkg/src/cpp_package/src/publisher.cpp:14:78:[m[K [01;31m[Kerror: [m[Kinvalid use of non-static member function â€˜[01m[Kconst _CharT* std::__cxx11::basic_string<_CharT, _Traits, _Alloc>::c_str() const [with _CharT = char; _Traits = std::char_traits<char>; _Alloc = std::allocator<char>][m[Kâ€™
[5.604s]    14 |             RCLCPP_INFO(this->get_logger(),"Publishing: '%s' ", [01;31m[Kmessage.data.c_str[m[K);
[5.604s]       |                                                                 [01;31m[K~~~~~~~~~~~~~^~~~~[m[K
[5.604s] In file included from [01m[K/usr/include/c++/11/string:55[m[K,
[5.604s]                  from [01m[K/usr/include/c++/11/stdexcept:39[m[K,
[5.605s]                  from [01m[K/usr/include/c++/11/system_error:41[m[K,
[5.605s]                  from [01m[K/usr/include/c++/11/mutex:42[m[K,
[5.605s]                  from [01m[K/usr/include/c++/11/future:38[m[K,
[5.606s]                  from [01m[K/opt/ros/humble/include/rclcpp/rclcpp/executors.hpp:18[m[K,
[5.606s]                  from [01m[K/opt/ros/humble/include/rclcpp/rclcpp/rclcpp.hpp:155[m[K,
[5.606s]                  from [01m[K/home/tayya/cpp_pkg/src/cpp_package/src/publisher.cpp:1[m[K:
[5.607s] [01m[K/usr/include/c++/11/bits/basic_string.h:2320:7:[m[K [01;36m[Knote: [m[Kdeclared here
[5.607s]  2320 |       [01;36m[Kc_str[m[K() const _GLIBCXX_NOEXCEPT
[5.607s]       |       [01;36m[K^~~~~[m[K
[7.519s] gmake[2]: *** [CMakeFiles/publisher.dir/build.make:76: CMakeFiles/publisher.dir/src/publisher.cpp.o] Error 1
[7.520s] gmake[1]: *** [CMakeFiles/Makefile2:193: CMakeFiles/publisher.dir/all] Error 2
[7.520s] gmake[1]: *** Waiting for unfinished jobs....
[18.574s] [ 83%] [32m[1mLinking CXX executable cpp_try2[0m
[19.399s] [ 83%] Built target cpp_try2
[19.401s] gmake: *** [Makefile:146: all] Error 2
[19.405s] Invoked command in '/home/tayya/cpp_pkg/build/cpp_package' returned '2': CMAKE_PREFIX_PATH=${CMAKE_PREFIX_PATH}:/opt/ros/humble /usr/bin/cmake --build /home/tayya/cpp_pkg/build/cpp_package -- -j8 -l8
